#
# There is insufficient memory for the Java Runtime Environment to continue.
# Native memory allocation (mmap) failed to map 65536 bytes. Error detail: Failed to commit metaspace.
# Possible reasons:
#   The system is out of physical RAM or swap space
#   This process is running with CompressedOops enabled, and the Java Heap may be blocking the growth of the native heap
# Possible solutions:
#   Reduce memory load on the system
#   Increase physical memory or swap space
#   Check if swap backing store is full
#   Decrease Java heap size (-Xmx/-Xms)
#   Decrease number of Java threads
#   Decrease Java thread stack sizes (-Xss)
#   Set larger code cache with -XX:ReservedCodeCacheSize=
#   JVM is running with Zero Based Compressed Oops mode in which the Java heap is
#     placed in the first 32GB address space. The Java Heap base address is the
#     maximum limit for the native heap growth. Please use -XX:HeapBaseMinAddress
#     to set the Java Heap base and to place the Java Heap above 32GB virtual address.
# This output file may be truncated or incomplete.
#
#  Out of Memory Error (virtualSpaceNode.cpp:112), pid=19324, tid=25868
#
# JRE version: OpenJDK Runtime Environment Temurin-22.0.1+8 (22.0.1+8) (build 22.0.1+8)
# Java VM: OpenJDK 64-Bit Server VM Temurin-22.0.1+8 (22.0.1+8, mixed mode, tiered, compressed oops, compressed class ptrs, g1 gc, windows-amd64)
# No core dump will be written. Minidumps are not enabled by default on client versions of Windows
#

---------------  S U M M A R Y ------------

Command Line: -Dfile.encoding=UTF-8 -Dstdout.encoding=UTF-8 -Dstderr.encoding=UTF-8 -XX:+ShowCodeDetailsInExceptionMessages imdb.Menu

Host: AMD Ryzen 7 1700X Eight-Core Processor         , 16 cores, 31G,  Windows 11 , 64 bit Build 22621 (10.0.22621.3527)
Time: Tue Jun 18 15:15:39 2024 Paris, Madrid (heure duild 22621 (10.0.22621.3527) elapsed time: 0.305548 seconds (0d 0h 0m 0s)

---------------  T H R E A D  ---------------

Current thread (0x00000172c37246a0):  JavaThread "main"             [_thread_in_vm, id=25868, stack(0x00000065d1700000,0x00000065d1800000) (1024K)]

Stack: [0x00000065d1700000,0x00000065d1800000]
Native frames: (J=compiled Java code, j=interpreted, Vv=VM code, C=native code)
V  [jvm.dll+0x6ea239]  (no source info available)
V  [jvm.dll+0x8ccf93]  (no source info available)
V  [jvm.dll+0x8cf3be]  (no source info available)
V  [jvm.dll+0x8cfa93]  (no source info available)
V  [jvm.dll+0x286ea6]  (no source info available)
V  [jvm.dll+0x8c8d2e]  (no source info available)
V  [jvm.dll+0x68bda5]  (no source info available)
V  [jvm.dll+0x1e9bfc]  (no source info available)
V  [jvm.dll+0x1e99ce]  (no source info available)
V  [jvm.dll+0x68e6d7]  (no source info available)
V  [jvm.dll+0x22b47c]  (no source info available)
V  [jvm.dll+0x68c7be]  (no source info available)
V  [jvm.dll+0x3c9f2f]  (no source info available)
V  [jvm.dll+0x21320b]  (no source info available)
V  [jvm.dll+0x5ca246]  (no source info available)
V  [jvm.dll+0x222c2a]  (no source info available)
V  [jvm.dll+0x842ddc]  (no source info available)
V  [jvm.dll+0x843e36]  (no source info available)
V  [jvm.dll+0x844444]  (no source info available)
V  [jvm.dll+0x8440c8]  (no source info available)
V  [jvm.dll+0x27409b]  (no source info available)
V  [jvm.dll+0x3e03be]  (no source info available)
C  0x00000172d086aa12  (no source info available)

The last pc belongs to new (printed below).
Java frames: (J=compiled Java code, j=interpreted, Vv=VM code)
j  sun.nio.ch.Streams.of(Ljava/nio/channels/ReadableByteChannel;)Ljava/io/InputStream;+21 java.base@22.0.1
j  java.nio.channels.Channels.newInputStream(Ljava/nio/channels/ReadableByteChannel;)Ljava/io/InputStream;+8 java.base@22.0.1
j  java.nio.file.spi.FileSystemProvider.newInputStream(Ljava/nio/file/Path;[Ljava/nio/file/OpenOption;)Ljava/io/InputStream;+98 java.base@22.0.1
j  java.nio.file.Files.newInputStream(Ljava/nio/file/Path;[Ljava/nio/file/OpenOption;)Ljava/io/InputStream;+6 java.base@22.0.1
j  java.nio.file.Files.newBufferedReader(Ljava/nio/file/Path;Ljava/nio/charset/Charset;)Ljava/io/BufferedReader;+14 java.base@22.0.1
j  java.nio.file.Files.newBufferedReader(Ljava/nio/file/Path;)Ljava/io/BufferedReader;+4 java.base@22.0.1
j  sun.security.provider.PolicyFile.initDefaultPolicy(Lsun/security/provider/PolicyFile$PolicyInfo;)V+61 java.base@22.0.1
j  sun.security.provider.PolicyFile$2.run()Ljava/lang/Void;+8 java.base@22.0.1
j  sun.security.provider.PolicyFile$2.run()Ljava/lang/Object;+1 java.base@22.0.1
j  java.security.AccessController.executePrivileged(Ljava/security/PrivilegedAction;Ljava/security/AccessControlContext;Ljava/lang/Class;)Ljava/lang/Object;+29 java.base@22.0.1
j  java.security.AccessController.doPrivileged(Ljava/security/PrivilegedAction;)Ljava/lang/Object;+5 java.base@22.0.1
j  sun.security.provider.PolicyFile.initPolicyFile(Lsun/security/provider/PolicyFile$PolicyInfo;Ljava/net/URL;)V+9 java.base@22.0.1
j  sun.security.provider.PolicyFile.init(Ljava/net/URL;)V+50 java.base@22.0.1
j  sun.security.provider.PolicyFile.<init>()V+24 java.base@22.0.1
j  java.security.Policy.loadPolicyProvider()Ljava/security/Policy;+38 java.base@22.0.1
j  java.security.Policy.getPolicyNoCheck()Ljava/security/Policy;+34 java.base@22.0.1
j  java.security.ProtectionDomain.implies(Ljava/security/Permission;)Z+16 java.base@22.0.1
j  java.security.ProtectionDomain.impliesWithAltFilePerm(Ljava/security/Permission;)Z+23 java.base@22.0.1
j  java.security.AccessControlContext.checkPermission(Ljava/security/Permission;)V+323 java.base@22.0.1
j  java.security.AccessController.checkPermission(Ljava/security/Permission;)V+161 java.base@22.0.1
j  ch.qos.logback.core.util.Loader$1.run()Ljava/lang/Boolean;+9
j  ch.qos.logback.core.util.Loader$1.run()Ljava/lang/Object;+1
j  java.security.AccessController.executePrivileged(Ljava/security/PrivilegedAction;Ljava/security/AccessControlContext;Ljava/lang/Class;)Ljava/lang/Object;+29 java.base@22.0.1
j  java.security.AccessController.doPrivileged(Ljava/security/PrivilegedAction;)Ljava/lang/Object;+5 java.base@22.0.1
j  ch.qos.logback.core.util.Loader.<clinit>()V+34
v  ~StubRoutines::call_stub 0x00000172d085100d
j  ch.qos.logback.classic.util.ContextInitializer.findURLOfDefaultConfigurationFile(Z)Ljava/net/URL;+1
j  ch.qos.logback.classic.util.ContextInitializer.autoConfig()V+9
j  org.slf4j.impl.StaticLoggerBinder.init()V+11
j  org.slf4j.impl.StaticLoggerBinder.<clinit>()V+28
v  ~StubRoutines::call_stub 0x00000172d085100d
j  org.slf4j.LoggerFactory.bind()V+16
j  org.slf4j.LoggerFactory.performInitialization()V+0
j  org.slf4j.LoggerFactory.getILoggerFactory()Lorg/slf4j/ILoggerFactory;+22
j  org.slf4j.LoggerFactory.getLogger(Ljava/lang/String;)Lorg/slf4j/Logger;+0
j  org.jboss.logging.Slf4jLoggerProvider.getLogger(Ljava/lang/String;)Lorg/jboss/logging/Logger;+1
j  org.jboss.logging.LoggerProviders.logProvider(Lorg/jboss/logging/LoggerProvider;Ljava/lang/String;)V+3
j  org.jboss.logging.LoggerProviders.trySlf4j(Ljava/lang/String;)Lorg/jboss/logging/LoggerProvider;+10
j  org.jboss.logging.LoggerProviders.findProvider()Lorg/jboss/logging/LoggerProvider;+171
j  org.jboss.logging.LoggerProviders.find()Lorg/jboss/logging/LoggerProvider;+0
j  org.jboss.logging.LoggerProviders.<clinit>()V+0
v  ~StubRoutines::call_stub 0x00000172d085100d
j  org.jboss.logging.Logger.getLogger(Ljava/lang/String;)Lorg/jboss/logging/Logger;+0
j  org.jboss.logging.Logger.getLogger(Ljava/lang/Class;)Lorg/jboss/logging/Logger;+4
j  org.hibernate.jpa.HibernatePersistenceProvider.<clinit>()V+2
v  ~StubRoutines::call_stub 0x00000172d085100d
j  jdk.internal.misc.Unsafe.ensureClassInitialized0(Ljava/lang/Class;)V+0 java.base@22.0.1
j  jdk.internal.misc.Unsafe.ensureClassInitialized(Ljava/lang/Class;)V+14 java.base@22.0.1
j  jdk.internal.reflect.MethodHandleAccessorFactory.ensureClassInitialized(Ljava/lang/Class;)V+14 java.base@22.0.1
j  jdk.internal.reflect.MethodHandleAccessorFactory.newConstructorAccessor(Ljava/lang/reflect/Constructor;)Ljdk/internal/reflect/ConstructorAccessorImpl;+16 java.base@22.0.1
j  jdk.internal.reflect.ReflectionFactory.newConstructorAccessor(Ljava/lang/reflect/Constructor;)Ljdk/internal/reflect/ConstructorAccessor;+61 java.base@22.0.1
j  java.lang.reflect.Constructor.acquireConstructorAccessor()Ljdk/internal/reflect/ConstructorAccessor;+58 java.base@22.0.1
j  java.lang.reflect.Constructor.newInstanceWithCaller([Ljava/lang/Object;ZLjava/lang/Class;)Ljava/lang/Object;+33 java.base@22.0.1
j  java.lang.reflect.Constructor.newInstance([Ljava/lang/Object;)Ljava/lang/Object;+30 java.base@22.0.1
j  java.util.ServiceLoader$ProviderImpl.newInstance()Ljava/lang/Object;+19 java.base@22.0.1
j  java.util.ServiceLoader$ProviderImpl.get()Ljava/lang/Object;+13 java.base@22.0.1
j  java.util.ServiceLoader$3.next()Ljava/lang/Object;+58 java.base@22.0.1
j  jakarta.persistence.spi.PersistenceProviderResolverHolder$DefaultPersistenceProviderResolver.getPersistenceProviders()Ljava/util/List;+83
j  jakarta.persistence.Persistence.createEntityManagerFactory(Ljava/lang/String;Ljava/util/Map;)Ljakarta/persistence/EntityManagerFactory;+7
j  jakarta.persistence.Persistence.createEntityManagerFactory(Ljava/lang/String;)Ljakarta/persistence/EntityManagerFactory;+2
j  imdb.Dao.FilmDAOImpl.<init>()V+7
j  imdb.Menu.<init>()V+9
j  imdb.Menu.main([Ljava/lang/String;)V+4
v  ~StubRoutines::call_stub 0x00000172d085100d
new  187 new  [0x00000172d086a8a0, 0x00000172d086aa98]  504 bytes
[MachCode]
  0x00000172d086a8a0: 4883 ec08 | c5fa 1104 | 24eb 1f48 | 83ec 10c5 | fb11 0424 | eb14 4883 | ec10 4889 | 0424 48c7 
  0x00000172d086a8c0: 4424 0800 | 0000 00eb | 0150 410f | b755 010f | cac1 ea10 | 488b 4de8 | 488b 4908 | 488b 4908 
  0x00000172d086a8e0: 488b 4108 | 807c 1004 | 070f 85c6 | 0000 0066 | 8b54 d148 | 488b 4928 | 488b 4cd1 | 0851 80b9 
  0x00000172d086a900: 2001 0000 | 050f 85a9 | 0000 008b | 5108 f6c2 | 010f 859d | 0000 0049 | 8b87 b801 | 0000 488d 
  0x00000172d086a920: 1c10 493b | 9fc8 0100 | 000f 8785 | 0000 0049 | 899f b801 | 0000 4883 | ea10 0f84 | 0f00 0000 
  0x00000172d086a940: 33c9 c1ea | 0348 894c | d008 48ff | ca75 f648 | c700 0100 | 0000 5933 | f689 700c | 8948 0849 
  0x00000172d086a960: ba50 745c | 21fd 7f00 | 0041 803a | 000f 843c | 0000 0050 | 488b c848 | 83ec 2040 | f6c4 0f0f 
  0x00000172d086a980: 8419 0000 | 0048 83ec | 0848 b850 | 4206 21fd | 7f00 00ff | d048 83c4 | 08e9 0c00 | 0000 48b8 
  0x00000172d086a9a0: 5042 0621 | fd7f 0000 | ffd0 4883 | c420 58e9 | cb00 0000 | 5948 8b55 | e848 8b52 | 0848 8b52 
  0x00000172d086a9c0: 0845 0fb7 | 4501 410f | c841 c1e8 | 10e8 0500 | 0000 e9a8 | 0000 0048 | 8d44 2408 | 4c89 6dc0 
  0x00000172d086a9e0: 498b cfc5 | f877 4989 | afb0 0300 | 0049 8987 | a003 0000 | 4883 ec20 | 40f6 c40f | 0f84 1900 
  0x00000172d086aa00: 0000 4883 | ec08 48b8 | 7003 cf20 | fd7f 0000 | ffd0 4883 | c408 e90c | 0000 0048 | b870 03cf 
  0x00000172d086aa20: 20fd 7f00 | 00ff d048 | 83c4 2049 | c787 a003 | 0000 0000 | 0000 49c7 | 87b0 0300 | 0000 0000 
  0x00000172d086aa40: 0049 c787 | a803 0000 | 0000 0000 | c5f8 7749 | 837f 0800 | 0f84 0500 | 0000 e9a1 | 64fe ff49 
  0x00000172d086aa60: 8b87 f803 | 0000 49c7 | 87f8 0300 | 0000 0000 | 004c 8b6d | c04c 8b75 | c84e 8d74 | f500 c341 
  0x00000172d086aa80: 0fb6 5d03 | 4983 c503 | 49ba 703e | 6021 fd7f | 0000 41ff | 24da 6690 
[/MachCode]

---------------  P R O C E S S  ---------------

Threads class SMR info:
_java_thread_list=0x00000172ea466630, length=13, elements={
0x00000172c37246a0, 0x00000172ea0bc420, 0x00000172ea0bcfe0, 0x00000172ea10e160,
0x00000172ea10e7d0, 0x00000172ea0effd0, 0x00000172ea0f1a40, 0x00000172ea103df0,
0x00000172ea116f80, 0x00000172ea274c20, 0x00000172ea2d9fa0, 0x00000172ea2e0e40,
0x00000172ea4275d0
}

Java Threads: ( => current thread )
=>0x00000172c37246a0 JavaThread "main"                              [_thread_in_vm, id=25868, stack(0x00000065d1700000,0x00000065d1800000) (1024K)]
  0x00000172ea0bc420 JavaThread "Reference Handler"          daemon [_thread_blocked, id=32628, stack(0x00000065d1f00000,0x00000065d2000000) (1024K)]
  0x00000172ea0bcfe0 JavaThread "Finalizer"                  daemon [_thread_blocked, id=24648, stack(0x00000065d2000000,0x00000065d2100000) (1024K)]
  0x00000172ea10e160 JavaThread "Signal Dispatcher"          daemon [_thread_blocked, id=21660, stack(0x00000065d2100000,0x00000065d2200000) (1024K)]
  0x00000172ea10e7d0 JavaThread "Attach Listener"            daemon [_thread_blocked, id=13876, stack(0x00000065d2200000,0x00000065d2300000) (1024K)]
  0x00000172ea0effd0 JavaThread "Service Thread"             daemon [_thread_blocked, id=4300, stack(0x00000065d2300000,0x00000065d2400000) (1024K)]
  0x00000172ea0f1a40 JavaThread "Monitor Deflation Thread"   daemon [_thread_blocked, id=9164, stack(0x00000065d2400000,0x00000065d2500000) (1024K)]
  0x00000172ea103df0 JavaThread "C2 CompilerThread0"         daemon [_thread_blocked, id=30012, stack(0x00000065d2500000,0x00000065d2600000) (1024K)]
  0x00000172ea116f80 JavaThread "C1 CompilerThread0"         daemon [_thread_blocked, id=32396, stack(0x00000065d2600000,0x00000065d2700000) (1024K)]
  0x00000172ea274c20 JavaThread "C1 CompilerThread1"         daemon [_thread_blocked, id=17792, stack(0x00000065d2700000,0x00000065d2800000) (1024K)]
  0x00000172ea2d9fa0 JavaThread "Notification Thread"        daemon [_thread_blocked, id=23108, stack(0x00000065d2800000,0x00000065d2900000) (1024K)]
  0x00000172ea2e0e40 JavaThread "Common-Cleaner"             daemon [_thread_blocked, id=14688, stack(0x00000065d2900000,0x00000065d2a00000) (1024K)]
  0x00000172ea4275d0 JavaThread "C2 CompilerThread1"         daemon [_thread_blocked, id=27932, stack(0x00000065d2a00000,0x00000065d2b00000) (1024K)]
Total: 13

Other Threads:
  0x00000172ea091ba0 VMThread "VM Thread"                           [id=19288, stack(0x00000065d1e00000,0x00000065d1f00000) (1024K)]
  0x00000172e2e50710 WatcherThread "VM Periodic Task Thread"        [id=23500, stack(0x00000065d1d00000,0x00000065d1e00000) (1024K)]
  0x00000172c59bd380 WorkerThread "GC Thread#0"                     [id=9256, stack(0x00000065d1800000,0x00000065d1900000) (1024K)]
  0x00000172e2c60080 ConcurrentGCThread "G1 Main Marker"            [id=20220, stack(0x00000065d1900000,0x00000065d1a00000) (1024K)]
  0x00000172e2c60840 WorkerThread "G1 Conc#0"                       [id=30384, stack(0x00000065d1a00000,0x00000065d1b00000) (1024K)]
  0x00000172e2d117f0 ConcurrentGCThread "G1 Refine#0"               [id=17872, stack(0x00000065d1b00000,0x00000065d1c00000) (1024K)]
  0x00000172e2d12370 ConcurrentGCThread "G1 Service"                [id=3552, stack(0x00000065d1c00000,0x00000065d1d00000) (1024K)]
Total: 7

Threads with active compile tasks:
Total: 0

VM state: not at safepoint (normal execution)

VM Mutex/Monitor currently owned by a thread:  ([mutex/lock_event])
[0x00007ffd215edf28] Metaspace_lock - owner thread: 0x00000172c37246a0

Heap address: 0x0000000600c00000, size: 8180 MB, Compressed Oops mode: Zero based, Oop shift amount: 3

CDS archive(s) not mapped
Compressed class space mapped at: 0x0000000025000000-0x0000000065000000, reserved size: 1073741824
Narrow klass base: 0x0000000000000000, Narrow klass shift: 0, Narrow klass range: 0x65000000

GC Precious Log:
 CardTable entry size: 512
 Card Set container configuration: InlinePtr #cards 4 size 8 Array Of Cards #cards 32 size 80 Howl #buckets 8 coarsen threshold 7372 Howl Bitmap #cards 1024 size 144 coarsen threshold 921 Card regions per heap region 1 cards per card region 8192
 CPUs: 16 total, 16 available
 Memory: 32714M
 Large Page Support: Disabled
 NUMA Support: Disabled
 Compressed Oops: Enabled (Zero based)
 Heap Region Size: 4M
 Heap Min Capacity: 8M
 Heap Initial Capacity: 512M
 Heap Max Capacity: 8180M
 Pre-touch: Disabled
 Parallel Workers: 13
 Concurrent Workers: 3
 Concurrent Refinement Workers: 13
 Periodic GC: Disabled

Heap:
 garbage-first heap   total reserved 8376320K, committed 524288K, used 4096K [0x0000000600c00000, 0x0000000800000000)
  region size 4096K, 3 young (12288K), 0 survivors (0K)
 Metaspace       used 9246K, committed 9344K, reserved 1114112K
  class space    used 814K, committed 832K, reserved 1048576K

Heap Regions: E=young(eden), S=young(survivor), O=old, HS=humongous(starts), HC=humongous(continues), CS=collection set, F=free, TAMS=top-at-mark-start, PB=parsable bottom
|   0|0x0000000600c00000, 0x0000000600c00000, 0x0000000601000000|  0%| F|  |TAMS 0x0000000600c00000| PB 0x0000000600c00000| Untracked |  0
|   1|0x0000000601000000, 0x0000000601000000, 0x0000000601400000|  0%| F|  |TAMS 0x0000000601000000| PB 0x0000000601000000| Untracked |  0
|   2|0x0000000601400000, 0x0000000601400000, 0x0000000601800000|  0%| F|  |TAMS 0x0000000601400000| PB 0x0000000601400000| Untracked |  0
|   3|0x0000000601800000, 0x0000000601800000, 0x0000000601c00000|  0%| F|  |TAMS 0x0000000601800000| PB 0x0000000601800000| Untracked |  0
|   4|0x0000000601c00000, 0x0000000601c00000, 0x0000000602000000|  0%| F|  |TAMS 0x0000000601c00000| PB 0x0000000601c00000| Untracked |  0
|   5|0x0000000602000000, 0x0000000602000000, 0x0000000602400000|  0%| F|  |TAMS 0x0000000602000000| PB 0x0000000602000000| Untracked |  0
|   6|0x0000000602400000, 0x0000000602400000, 0x0000000602800000|  0%| F|  |TAMS 0x0000000602400000| PB 0x0000000602400000| Untracked |  0
|   7|0x0000000602800000, 0x0000000602800000, 0x0000000602c00000|  0%| F|  |TAMS 0x0000000602800000| PB 0x0000000602800000| Untracked |  0
|   8|0x0000000602c00000, 0x0000000602c00000, 0x0000000603000000|  0%| F|  |TAMS 0x0000000602c00000| PB 0x0000000602c00000| Untracked |  0
|   9|0x0000000603000000, 0x0000000603000000, 0x0000000603400000|  0%| F|  |TAMS 0x0000000603000000| PB 0x0000000603000000| Untracked |  0
|  10|0x0000000603400000, 0x0000000603400000, 0x0000000603800000|  0%| F|  |TAMS 0x0000000603400000| PB 0x0000000603400000| Untracked |  0
|  11|0x0000000603800000, 0x0000000603800000, 0x0000000603c00000|  0%| F|  |TAMS 0x0000000603800000| PB 0x0000000603800000| Untracked |  0
|  12|0x0000000603c00000, 0x0000000603c00000, 0x0000000604000000|  0%| F|  |TAMS 0x0000000603c00000| PB 0x0000000603c00000| Untracked |  0
|  13|0x0000000604000000, 0x0000000604000000, 0x0000000604400000|  0%| F|  |TAMS 0x0000000604000000| PB 0x0000000604000000| Untracked |  0
|  14|0x0000000604400000, 0x0000000604400000, 0x0000000604800000|  0%| F|  |TAMS 0x0000000604400000| PB 0x0000000604400000| Untracked |  0
|  15|0x0000000604800000, 0x0000000604800000, 0x0000000604c00000|  0%| F|  |TAMS 0x0000000604800000| PB 0x0000000604800000| Untracked |  0
|  16|0x0000000604c00000, 0x0000000604c00000, 0x0000000605000000|  0%| F|  |TAMS 0x0000000604c00000| PB 0x0000000604c00000| Untracked |  0
|  17|0x0000000605000000, 0x0000000605000000, 0x0000000605400000|  0%| F|  |TAMS 0x0000000605000000| PB 0x0000000605000000| Untracked |  0
|  18|0x0000000605400000, 0x0000000605400000, 0x0000000605800000|  0%| F|  |TAMS 0x0000000605400000| PB 0x0000000605400000| Untracked |  0
|  19|0x0000000605800000, 0x0000000605800000, 0x0000000605c00000|  0%| F|  |TAMS 0x0000000605800000| PB 0x0000000605800000| Untracked |  0
|  20|0x0000000605c00000, 0x0000000605c00000, 0x0000000606000000|  0%| F|  |TAMS 0x0000000605c00000| PB 0x0000000605c00000| Untracked |  0
|  21|0x0000000606000000, 0x0000000606000000, 0x0000000606400000|  0%| F|  |TAMS 0x0000000606000000| PB 0x0000000606000000| Untracked |  0
|  22|0x0000000606400000, 0x0000000606400000, 0x0000000606800000|  0%| F|  |TAMS 0x0000000606400000| PB 0x0000000606400000| Untracked |  0
|  23|0x0000000606800000, 0x0000000606800000, 0x0000000606c00000|  0%| F|  |TAMS 0x0000000606800000| PB 0x0000000606800000| Untracked |  0
|  24|0x0000000606c00000, 0x0000000606c00000, 0x0000000607000000|  0%| F|  |TAMS 0x0000000606c00000| PB 0x0000000606c00000| Untracked |  0
|  25|0x0000000607000000, 0x0000000607000000, 0x0000000607400000|  0%| F|  |TAMS 0x0000000607000000| PB 0x0000000607000000| Untracked |  0
|  26|0x0000000607400000, 0x0000000607400000, 0x0000000607800000|  0%| F|  |TAMS 0x0000000607400000| PB 0x0000000607400000| Untracked |  0
|  27|0x0000000607800000, 0x0000000607800000, 0x0000000607c00000|  0%| F|  |TAMS 0x0000000607800000| PB 0x0000000607800000| Untracked |  0
|  28|0x0000000607c00000, 0x0000000607c00000, 0x0000000608000000|  0%| F|  |TAMS 0x0000000607c00000| PB 0x0000000607c00000| Untracked |  0
|  29|0x0000000608000000, 0x0000000608000000, 0x0000000608400000|  0%| F|  |TAMS 0x0000000608000000| PB 0x0000000608000000| Untracked |  0
|  30|0x0000000608400000, 0x0000000608400000, 0x0000000608800000|  0%| F|  |TAMS 0x0000000608400000| PB 0x0000000608400000| Untracked |  0
|  31|0x0000000608800000, 0x0000000608800000, 0x0000000608c00000|  0%| F|  |TAMS 0x0000000608800000| PB 0x0000000608800000| Untracked |  0
|  32|0x0000000608c00000, 0x0000000608c00000, 0x0000000609000000|  0%| F|  |TAMS 0x0000000608c00000| PB 0x0000000608c00000| Untracked |  0
|  33|0x0000000609000000, 0x0000000609000000, 0x0000000609400000|  0%| F|  |TAMS 0x0000000609000000| PB 0x0000000609000000| Untracked |  0
|  34|0x0000000609400000, 0x0000000609400000, 0x0000000609800000|  0%| F|  |TAMS 0x0000000609400000| PB 0x0000000609400000| Untracked |  0
|  35|0x0000000609800000, 0x0000000609800000, 0x0000000609c00000|  0%| F|  |TAMS 0x0000000609800000| PB 0x0000000609800000| Untracked |  0
|  36|0x0000000609c00000, 0x0000000609c00000, 0x000000060a000000|  0%| F|  |TAMS 0x0000000609c00000| PB 0x0000000609c00000| Untracked |  0
|  37|0x000000060a000000, 0x000000060a000000, 0x000000060a400000|  0%| F|  |TAMS 0x000000060a000000| PB 0x000000060a000000| Untracked |  0
|  38|0x000000060a400000, 0x000000060a400000, 0x000000060a800000|  0%| F|  |TAMS 0x000000060a400000| PB 0x000000060a400000| Untracked |  0
|  39|0x000000060a800000, 0x000000060a800000, 0x000000060ac00000|  0%| F|  |TAMS 0x000000060a800000| PB 0x000000060a800000| Untracked |  0
|  40|0x000000060ac00000, 0x000000060ac00000, 0x000000060b000000|  0%| F|  |TAMS 0x000000060ac00000| PB 0x000000060ac00000| Untracked |  0
|  41|0x000000060b000000, 0x000000060b000000, 0x000000060b400000|  0%| F|  |TAMS 0x000000060b000000| PB 0x000000060b000000| Untracked |  0
|  42|0x000000060b400000, 0x000000060b400000, 0x000000060b800000|  0%| F|  |TAMS 0x000000060b400000| PB 0x000000060b400000| Untracked |  0
|  43|0x000000060b800000, 0x000000060b800000, 0x000000060bc00000|  0%| F|  |TAMS 0x000000060b800000| PB 0x000000060b800000| Untracked |  0
|  44|0x000000060bc00000, 0x000000060bc00000, 0x000000060c000000|  0%| F|  |TAMS 0x000000060bc00000| PB 0x000000060bc00000| Untracked |  0
|  45|0x000000060c000000, 0x000000060c000000, 0x000000060c400000|  0%| F|  |TAMS 0x000000060c000000| PB 0x000000060c000000| Untracked |  0
|  46|0x000000060c400000, 0x000000060c400000, 0x000000060c800000|  0%| F|  |TAMS 0x000000060c400000| PB 0x000000060c400000| Untracked |  0
|  47|0x000000060c800000, 0x000000060c800000, 0x000000060cc00000|  0%| F|  |TAMS 0x000000060c800000| PB 0x000000060c800000| Untracked |  0
|  48|0x000000060cc00000, 0x000000060cc00000, 0x000000060d000000|  0%| F|  |TAMS 0x000000060cc00000| PB 0x000000060cc00000| Untracked |  0
|  49|0x000000060d000000, 0x000000060d000000, 0x000000060d400000|  0%| F|  |TAMS 0x000000060d000000| PB 0x000000060d000000| Untracked |  0
|  50|0x000000060d400000, 0x000000060d400000, 0x000000060d800000|  0%| F|  |TAMS 0x000000060d400000| PB 0x000000060d400000| Untracked |  0
|  51|0x000000060d800000, 0x000000060d800000, 0x000000060dc00000|  0%| F|  |TAMS 0x000000060d800000| PB 0x000000060d800000| Untracked |  0
|  52|0x000000060dc00000, 0x000000060dc00000, 0x000000060e000000|  0%| F|  |TAMS 0x000000060dc00000| PB 0x000000060dc00000| Untracked |  0
|  53|0x000000060e000000, 0x000000060e000000, 0x000000060e400000|  0%| F|  |TAMS 0x000000060e000000| PB 0x000000060e000000| Untracked |  0
|  54|0x000000060e400000, 0x000000060e400000, 0x000000060e800000|  0%| F|  |TAMS 0x000000060e400000| PB 0x000000060e400000| Untracked |  0
|  55|0x000000060e800000, 0x000000060e800000, 0x000000060ec00000|  0%| F|  |TAMS 0x000000060e800000| PB 0x000000060e800000| Untracked |  0
|  56|0x000000060ec00000, 0x000000060ec00000, 0x000000060f000000|  0%| F|  |TAMS 0x000000060ec00000| PB 0x000000060ec00000| Untracked |  0
|  57|0x000000060f000000, 0x000000060f000000, 0x000000060f400000|  0%| F|  |TAMS 0x000000060f000000| PB 0x000000060f000000| Untracked |  0
|  58|0x000000060f400000, 0x000000060f400000, 0x000000060f800000|  0%| F|  |TAMS 0x000000060f400000| PB 0x000000060f400000| Untracked |  0
|  59|0x000000060f800000, 0x000000060f800000, 0x000000060fc00000|  0%| F|  |TAMS 0x000000060f800000| PB 0x000000060f800000| Untracked |  0
|  60|0x000000060fc00000, 0x000000060fc00000, 0x0000000610000000|  0%| F|  |TAMS 0x000000060fc00000| PB 0x000000060fc00000| Untracked |  0
|  61|0x0000000610000000, 0x0000000610000000, 0x0000000610400000|  0%| F|  |TAMS 0x0000000610000000| PB 0x0000000610000000| Untracked |  0
|  62|0x0000000610400000, 0x0000000610400000, 0x0000000610800000|  0%| F|  |TAMS 0x0000000610400000| PB 0x0000000610400000| Untracked |  0
|  63|0x0000000610800000, 0x0000000610800000, 0x0000000610c00000|  0%| F|  |TAMS 0x0000000610800000| PB 0x0000000610800000| Untracked |  0
|  64|0x0000000610c00000, 0x0000000610c00000, 0x0000000611000000|  0%| F|  |TAMS 0x0000000610c00000| PB 0x0000000610c00000| Untracked |  0
|  65|0x0000000611000000, 0x0000000611000000, 0x0000000611400000|  0%| F|  |TAMS 0x0000000611000000| PB 0x0000000611000000| Untracked |  0
|  66|0x0000000611400000, 0x0000000611400000, 0x0000000611800000|  0%| F|  |TAMS 0x0000000611400000| PB 0x0000000611400000| Untracked |  0
|  67|0x0000000611800000, 0x0000000611800000, 0x0000000611c00000|  0%| F|  |TAMS 0x0000000611800000| PB 0x0000000611800000| Untracked |  0
|  68|0x0000000611c00000, 0x0000000611c00000, 0x0000000612000000|  0%| F|  |TAMS 0x0000000611c00000| PB 0x0000000611c00000| Untracked |  0
|  69|0x0000000612000000, 0x0000000612000000, 0x0000000612400000|  0%| F|  |TAMS 0x0000000612000000| PB 0x0000000612000000| Untracked |  0
|  70|0x0000000612400000, 0x0000000612400000, 0x0000000612800000|  0%| F|  |TAMS 0x0000000612400000| PB 0x0000000612400000| Untracked |  0
|  71|0x0000000612800000, 0x0000000612800000, 0x0000000612c00000|  0%| F|  |TAMS 0x0000000612800000| PB 0x0000000612800000| Untracked |  0
|  72|0x0000000612c00000, 0x0000000612c00000, 0x0000000613000000|  0%| F|  |TAMS 0x0000000612c00000| PB 0x0000000612c00000| Untracked |  0
|  73|0x0000000613000000, 0x0000000613000000, 0x0000000613400000|  0%| F|  |TAMS 0x0000000613000000| PB 0x0000000613000000| Untracked |  0
|  74|0x0000000613400000, 0x0000000613400000, 0x0000000613800000|  0%| F|  |TAMS 0x0000000613400000| PB 0x0000000613400000| Untracked |  0
|  75|0x0000000613800000, 0x0000000613800000, 0x0000000613c00000|  0%| F|  |TAMS 0x0000000613800000| PB 0x0000000613800000| Untracked |  0
|  76|0x0000000613c00000, 0x0000000613c00000, 0x0000000614000000|  0%| F|  |TAMS 0x0000000613c00000| PB 0x0000000613c00000| Untracked |  0
|  77|0x0000000614000000, 0x0000000614000000, 0x0000000614400000|  0%| F|  |TAMS 0x0000000614000000| PB 0x0000000614000000| Untracked |  0
|  78|0x0000000614400000, 0x0000000614400000, 0x0000000614800000|  0%| F|  |TAMS 0x0000000614400000| PB 0x0000000614400000| Untracked |  0
|  79|0x0000000614800000, 0x0000000614800000, 0x0000000614c00000|  0%| F|  |TAMS 0x0000000614800000| PB 0x0000000614800000| Untracked |  0
|  80|0x0000000614c00000, 0x0000000614c00000, 0x0000000615000000|  0%| F|  |TAMS 0x0000000614c00000| PB 0x0000000614c00000| Untracked |  0
|  81|0x0000000615000000, 0x0000000615000000, 0x0000000615400000|  0%| F|  |TAMS 0x0000000615000000| PB 0x0000000615000000| Untracked |  0
|  82|0x0000000615400000, 0x0000000615400000, 0x0000000615800000|  0%| F|  |TAMS 0x0000000615400000| PB 0x0000000615400000| Untracked |  0
|  83|0x0000000615800000, 0x0000000615800000, 0x0000000615c00000|  0%| F|  |TAMS 0x0000000615800000| PB 0x0000000615800000| Untracked |  0
|  84|0x0000000615c00000, 0x0000000615c00000, 0x0000000616000000|  0%| F|  |TAMS 0x0000000615c00000| PB 0x0000000615c00000| Untracked |  0
|  85|0x0000000616000000, 0x0000000616000000, 0x0000000616400000|  0%| F|  |TAMS 0x0000000616000000| PB 0x0000000616000000| Untracked |  0
|  86|0x0000000616400000, 0x0000000616400000, 0x0000000616800000|  0%| F|  |TAMS 0x0000000616400000| PB 0x0000000616400000| Untracked |  0
|  87|0x0000000616800000, 0x0000000616800000, 0x0000000616c00000|  0%| F|  |TAMS 0x0000000616800000| PB 0x0000000616800000| Untracked |  0
|  88|0x0000000616c00000, 0x0000000616c00000, 0x0000000617000000|  0%| F|  |TAMS 0x0000000616c00000| PB 0x0000000616c00000| Untracked |  0
|  89|0x0000000617000000, 0x0000000617000000, 0x0000000617400000|  0%| F|  |TAMS 0x0000000617000000| PB 0x0000000617000000| Untracked |  0
|  90|0x0000000617400000, 0x0000000617400000, 0x0000000617800000|  0%| F|  |TAMS 0x0000000617400000| PB 0x0000000617400000| Untracked |  0
|  91|0x0000000617800000, 0x0000000617800000, 0x0000000617c00000|  0%| F|  |TAMS 0x0000000617800000| PB 0x0000000617800000| Untracked |  0
|  92|0x0000000617c00000, 0x0000000617c00000, 0x0000000618000000|  0%| F|  |TAMS 0x0000000617c00000| PB 0x0000000617c00000| Untracked |  0
|  93|0x0000000618000000, 0x0000000618000000, 0x0000000618400000|  0%| F|  |TAMS 0x0000000618000000| PB 0x0000000618000000| Untracked |  0
|  94|0x0000000618400000, 0x0000000618400000, 0x0000000618800000|  0%| F|  |TAMS 0x0000000618400000| PB 0x0000000618400000| Untracked |  0
|  95|0x0000000618800000, 0x0000000618800000, 0x0000000618c00000|  0%| F|  |TAMS 0x0000000618800000| PB 0x0000000618800000| Untracked |  0
|  96|0x0000000618c00000, 0x0000000618c00000, 0x0000000619000000|  0%| F|  |TAMS 0x0000000618c00000| PB 0x0000000618c00000| Untracked |  0
|  97|0x0000000619000000, 0x0000000619000000, 0x0000000619400000|  0%| F|  |TAMS 0x0000000619000000| PB 0x0000000619000000| Untracked |  0
|  98|0x0000000619400000, 0x0000000619400000, 0x0000000619800000|  0%| F|  |TAMS 0x0000000619400000| PB 0x0000000619400000| Untracked |  0
|  99|0x0000000619800000, 0x0000000619800000, 0x0000000619c00000|  0%| F|  |TAMS 0x0000000619800000| PB 0x0000000619800000| Untracked |  0
| 100|0x0000000619c00000, 0x0000000619c00000, 0x000000061a000000|  0%| F|  |TAMS 0x0000000619c00000| PB 0x0000000619c00000| Untracked |  0
| 101|0x000000061a000000, 0x000000061a000000, 0x000000061a400000|  0%| F|  |TAMS 0x000000061a000000| PB 0x000000061a000000| Untracked |  0
| 102|0x000000061a400000, 0x000000061a400000, 0x000000061a800000|  0%| F|  |TAMS 0x000000061a400000| PB 0x000000061a400000| Untracked |  0
| 103|0x000000061a800000, 0x000000061a800000, 0x000000061ac00000|  0%| F|  |TAMS 0x000000061a800000| PB 0x000000061a800000| Untracked |  0
| 104|0x000000061ac00000, 0x000000061ac00000, 0x000000061b000000|  0%| F|  |TAMS 0x000000061ac00000| PB 0x000000061ac00000| Untracked |  0
| 105|0x000000061b000000, 0x000000061b000000, 0x000000061b400000|  0%| F|  |TAMS 0x000000061b000000| PB 0x000000061b000000| Untracked |  0
| 106|0x000000061b400000, 0x000000061b400000, 0x000000061b800000|  0%| F|  |TAMS 0x000000061b400000| PB 0x000000061b400000| Untracked |  0
| 107|0x000000061b800000, 0x000000061b800000, 0x000000061bc00000|  0%| F|  |TAMS 0x000000061b800000| PB 0x000000061b800000| Untracked |  0
| 108|0x000000061bc00000, 0x000000061bc00000, 0x000000061c000000|  0%| F|  |TAMS 0x000000061bc00000| PB 0x000000061bc00000| Untracked |  0
| 109|0x000000061c000000, 0x000000061c000000, 0x000000061c400000|  0%| F|  |TAMS 0x000000061c000000| PB 0x000000061c000000| Untracked |  0
| 110|0x000000061c400000, 0x000000061c400000, 0x000000061c800000|  0%| F|  |TAMS 0x000000061c400000| PB 0x000000061c400000| Untracked |  0
| 111|0x000000061c800000, 0x000000061c800000, 0x000000061cc00000|  0%| F|  |TAMS 0x000000061c800000| PB 0x000000061c800000| Untracked |  0
| 112|0x000000061cc00000, 0x000000061cc00000, 0x000000061d000000|  0%| F|  |TAMS 0x000000061cc00000| PB 0x000000061cc00000| Untracked |  0
| 113|0x000000061d000000, 0x000000061d000000, 0x000000061d400000|  0%| F|  |TAMS 0x000000061d000000| PB 0x000000061d000000| Untracked |  0
| 114|0x000000061d400000, 0x000000061d400000, 0x000000061d800000|  0%| F|  |TAMS 0x000000061d400000| PB 0x000000061d400000| Untracked |  0
| 115|0x000000061d800000, 0x000000061d800000, 0x000000061dc00000|  0%| F|  |TAMS 0x000000061d800000| PB 0x000000061d800000| Untracked |  0
| 116|0x000000061dc00000, 0x000000061dc00000, 0x000000061e000000|  0%| F|  |TAMS 0x000000061dc00000| PB 0x000000061dc00000| Untracked |  0
| 117|0x000000061e000000, 0x000000061e000000, 0x000000061e400000|  0%| F|  |TAMS 0x000000061e000000| PB 0x000000061e000000| Untracked |  0
| 118|0x000000061e400000, 0x000000061e400000, 0x000000061e800000|  0%| F|  |TAMS 0x000000061e400000| PB 0x000000061e400000| Untracked |  0
| 119|0x000000061e800000, 0x000000061e800000, 0x000000061ec00000|  0%| F|  |TAMS 0x000000061e800000| PB 0x000000061e800000| Untracked |  0
| 120|0x000000061ec00000, 0x000000061ec00000, 0x000000061f000000|  0%| F|  |TAMS 0x000000061ec00000| PB 0x000000061ec00000| Untracked |  0
| 121|0x000000061f000000, 0x000000061f000000, 0x000000061f400000|  0%| F|  |TAMS 0x000000061f000000| PB 0x000000061f000000| Untracked |  0
| 122|0x000000061f400000, 0x000000061f400000, 0x000000061f800000|  0%| F|  |TAMS 0x000000061f400000| PB 0x000000061f400000| Untracked |  0
| 123|0x000000061f800000, 0x000000061f800000, 0x000000061fc00000|  0%| F|  |TAMS 0x000000061f800000| PB 0x000000061f800000| Untracked |  0
| 124|0x000000061fc00000, 0x000000061fc00000, 0x0000000620000000|  0%| F|  |TAMS 0x000000061fc00000| PB 0x000000061fc00000| Untracked |  0
| 125|0x0000000620000000, 0x000000062013ebc8, 0x0000000620400000| 31%| E|  |TAMS 0x0000000620000000| PB 0x0000000620000000| Complete |  0
| 126|0x0000000620400000, 0x0000000620800000, 0x0000000620800000|100%| E|CS|TAMS 0x0000000620400000| PB 0x0000000620400000| Complete |  0
| 127|0x0000000620800000, 0x0000000620c00000, 0x0000000620c00000|100%| E|  |TAMS 0x0000000620800000| PB 0x0000000620800000| Complete |  0

Card table byte_map: [0x00000172d9c90000,0x00000172dac90000] _byte_map_base: 0x00000172d6c8a000

Marking Bits: (CMBitMap*) 0x00000172c59bda90
 Bits: [0x00000172dac90000, 0x00000172e2c60000)

Polling page: 0x00000172c38c0000

Metaspace:

Usage:
  Non-class:      8.23 MB used.
      Class:    814.50 KB used.
       Both:      9.03 MB used.

Virtual space:
  Non-class space:       64.00 MB reserved,       8.31 MB ( 13%) committed,  1 nodes.
      Class space:        1.00 GB reserved,     832.00 KB ( <1%) committed,  1 nodes.
             Both:        1.06 GB reserved,       9.12 MB ( <1%) committed. 

Chunk freelists:
   Non-Class:  6.89 MB
       Class:  15.06 MB
        Both:  21.95 MB

MaxMetaspaceSize: unlimited
CompressedClassSpaceSize: 1.00 GB
Initial GC threshold: 21.00 MB
Current GC threshold: 21.00 MB
CDS: off
 - commit_granule_bytes: 65536.
 - commit_granule_words: 8192.
 - virtual_space_node_default_size: 8388608.
 - enlarge_chunks_in_place: 1.
 - use_allocation_guard: 0.


Internal statistics:

num_allocs_failed_limit: 0.
num_arena_births: 12.
num_arena_deaths: 0.
num_vsnodes_births: 2.
num_vsnodes_deaths: 0.
num_space_committed: 146.
num_space_uncommitted: 0.
num_chunks_returned_to_freelist: 0.
num_chunks_taken_from_freelist: 54.
num_chunk_merges: 0.
num_chunk_splits: 25.
num_chunks_enlarged: 15.
num_inconsistent_stats: 0.

CodeHeap 'non-profiled nmethods': size=119168Kb used=149Kb max_used=149Kb free=119018Kb
 bounds [0x00000172d0fa0000, 0x00000172d1210000, 0x00000172d8400000]
CodeHeap 'profiled nmethods': size=119104Kb used=669Kb max_used=669Kb free=118434Kb
 bounds [0x00000172c9400000, 0x00000172c9670000, 0x00000172d0850000]
CodeHeap 'non-nmethods': size=7488Kb used=1884Kb max_used=1895Kb free=5603Kb
 bounds [0x00000172d0850000, 0x00000172d0ac0000, 0x00000172d0fa0000]
 total_blobs=902 nmethods=471 adapters=335
 compilation: enabled
              stopped_count=0, restarted_count=0
 full_count=0

Compilation events (20 events):
Event: 0.296 Thread 0x00000172ea103df0  463       4       java.lang.StringLatin1::lastIndexOf (40 bytes)
Event: 0.297 Thread 0x00000172ea274c20 nmethod 462 0x00000172c94a0310 code [0x00000172c94a04e0, 0x00000172c94a08e8]
Event: 0.297 Thread 0x00000172ea274c20  464       3       java.lang.String::<init> (74 bytes)
Event: 0.297 Thread 0x00000172ea274c20 nmethod 464 0x00000172c94a0a90 code [0x00000172c94a0ca0, 0x00000172c94a1260]
Event: 0.297 Thread 0x00000172ea274c20  466       3       java.io.InputStream::<init> (5 bytes)
Event: 0.297 Thread 0x00000172ea274c20 nmethod 466 0x00000172c94a1510 code [0x00000172c94a16a0, 0x00000172c94a1808]
Event: 0.297 Thread 0x00000172ea274c20  465       3       java.lang.String::endsWith (15 bytes)
Event: 0.297 Thread 0x00000172ea116f80 nmethod 460 0x00000172c94a1910 code [0x00000172c94a1ce0, 0x00000172c94a3878]
Event: 0.298 Thread 0x00000172ea274c20 nmethod 465 0x00000172c94a4810 code [0x00000172c94a49e0, 0x00000172c94a4d20]
Event: 0.298 Thread 0x00000172ea274c20  467       3       java.lang.ref.Cleaner::register (25 bytes)
Event: 0.298 Thread 0x00000172ea116f80  468       3       jdk.internal.ref.CleanerImpl$PhantomCleanableRef::<init> (12 bytes)
Event: 0.298 Thread 0x00000172ea116f80 nmethod 468 0x00000172c94a4f10 code [0x00000172c94a50c0, 0x00000172c94a5268]
Event: 0.298 Thread 0x00000172ea274c20 nmethod 467 0x00000172c94a5310 code [0x00000172c94a5500, 0x00000172c94a5a28]
Event: 0.298 Thread 0x00000172ea116f80  469   !   3       java.util.zip.InflaterInputStream::read (129 bytes)
Event: 0.298 Thread 0x00000172ea274c20  470       3       java.util.zip.InflaterInputStream::ensureOpen (18 bytes)
Event: 0.299 Thread 0x00000172ea274c20 nmethod 470 0x00000172c94a5c10 code [0x00000172c94a5dc0, 0x00000172c94a5fd0]
Event: 0.299 Thread 0x00000172ea274c20  471       1       java.util.zip.Inflater::hasPendingOutput (5 bytes)
Event: 0.299 Thread 0x00000172ea274c20 nmethod 471 0x00000172d0fc4f90 code [0x00000172d0fc5120, 0x00000172d0fc51f0]
Event: 0.299 Thread 0x00000172ea103df0 nmethod 463 0x00000172d0fc5290 code [0x00000172d0fc5420, 0x00000172d0fc5618]
Event: 0.299 Thread 0x00000172ea116f80 nmethod 469 0x00000172c94a6090 code [0x00000172c94a6360, 0x00000172c94a7090]

GC Heap History (0 events):
No events

Dll operation events (7 events):
Event: 0.007 Loaded shared library E:\eclipse\sts-4.22.0.RELEASE\plugins\org.eclipse.justj.openjdk.hotspot.jre.full.win32.x86_64_22.0.1.v20240426-1149\jre\bin\java.dll
Event: 0.012 Loaded shared library E:\eclipse\sts-4.22.0.RELEASE\plugins\org.eclipse.justj.openjdk.hotspot.jre.full.win32.x86_64_22.0.1.v20240426-1149\jre\bin\zip.dll
Event: 0.124 Loaded shared library E:\eclipse\sts-4.22.0.RELEASE\plugins\org.eclipse.justj.openjdk.hotspot.jre.full.win32.x86_64_22.0.1.v20240426-1149\jre\bin\net.dll
Event: 0.125 Loaded shared library E:\eclipse\sts-4.22.0.RELEASE\plugins\org.eclipse.justj.openjdk.hotspot.jre.full.win32.x86_64_22.0.1.v20240426-1149\jre\bin\nio.dll
Event: 0.132 Loaded shared library E:\eclipse\sts-4.22.0.RELEASE\plugins\org.eclipse.justj.openjdk.hotspot.jre.full.win32.x86_64_22.0.1.v20240426-1149\jre\bin\zip.dll
Event: 0.212 Loaded shared library E:\eclipse\sts-4.22.0.RELEASE\plugins\org.eclipse.justj.openjdk.hotspot.jre.full.win32.x86_64_22.0.1.v20240426-1149\jre\bin\jimage.dll
Event: 0.283 Loaded shared library E:\eclipse\sts-4.22.0.RELEASE\plugins\org.eclipse.justj.openjdk.hotspot.jre.full.win32.x86_64_22.0.1.v20240426-1149\jre\bin\verify.dll

Deoptimization events (20 events):
Event: 0.140 Thread 0x00000172c37246a0 DEOPT PACKING pc=0x00000172c94218c9 sp=0x00000065d17fa680
Event: 0.140 Thread 0x00000172c37246a0 DEOPT UNPACKING pc=0x00000172d08a4e42 sp=0x00000065d17f9af0 mode 0
Event: 0.141 Thread 0x00000172c37246a0 DEOPT PACKING pc=0x00000172c94218c9 sp=0x00000065d17fa680
Event: 0.141 Thread 0x00000172c37246a0 DEOPT UNPACKING pc=0x00000172d08a4e42 sp=0x00000065d17f9af0 mode 0
Event: 0.143 Thread 0x00000172c37246a0 DEOPT PACKING pc=0x00000172c94218c9 sp=0x00000065d17fa680
Event: 0.143 Thread 0x00000172c37246a0 DEOPT UNPACKING pc=0x00000172d08a4e42 sp=0x00000065d17f9af0 mode 0
Event: 0.159 Thread 0x00000172c37246a0 Uncommon trap: trap_request=0xffffff45 fr.pc=0x00000172d0faa6f8 relative=0x0000000000000a38
Event: 0.159 Thread 0x00000172c37246a0 Uncommon trap: reason=unstable_if action=reinterpret pc=0x00000172d0faa6f8 method=java.util.zip.ZipFile$Source.checkAndAddEntry(II)I @ 50 c2
Event: 0.159 Thread 0x00000172c37246a0 DEOPT PACKING pc=0x00000172d0faa6f8 sp=0x00000065d17fa810
Event: 0.159 Thread 0x00000172c37246a0 DEOPT UNPACKING pc=0x00000172d08a46a2 sp=0x00000065d17fa790 mode 2
Event: 0.163 Thread 0x00000172c37246a0 DEOPT PACKING pc=0x00000172c940d0fc sp=0x00000065d17fa5f0
Event: 0.163 Thread 0x00000172c37246a0 DEOPT UNPACKING pc=0x00000172d08a4e42 sp=0x00000065d17f9a10 mode 0
Event: 0.258 Thread 0x00000172c37246a0 Uncommon trap: trap_request=0xffffff45 fr.pc=0x00000172d0fab95c relative=0x000000000000005c
Event: 0.258 Thread 0x00000172c37246a0 Uncommon trap: reason=unstable_if action=reinterpret pc=0x00000172d0fab95c method=java.lang.AbstractStringBuilder.isLatin1()Z @ 10 c2
Event: 0.258 Thread 0x00000172c37246a0 DEOPT PACKING pc=0x00000172d0fab95c sp=0x00000065d17ff0d0
Event: 0.258 Thread 0x00000172c37246a0 DEOPT UNPACKING pc=0x00000172d08a46a2 sp=0x00000065d17ff060 mode 2
Event: 0.265 Thread 0x00000172c37246a0 Uncommon trap: trap_request=0xffffff45 fr.pc=0x00000172d0fad160 relative=0x0000000000000060
Event: 0.265 Thread 0x00000172c37246a0 Uncommon trap: reason=unstable_if action=reinterpret pc=0x00000172d0fad160 method=java.io.WinNTFileSystem.isSlash(C)Z @ 9 c2
Event: 0.265 Thread 0x00000172c37246a0 DEOPT PACKING pc=0x00000172d0fad160 sp=0x00000065d17fed00
Event: 0.265 Thread 0x00000172c37246a0 DEOPT UNPACKING pc=0x00000172d08a46a2 sp=0x00000065d17fec88 mode 2

Classes loaded (20 events):
Event: 0.303 Loading class sun/nio/ch/NativeThreadSet done
Event: 0.303 Loading class sun/nio/ch/FileChannelImpl$Closer
Event: 0.303 Loading class sun/nio/ch/FileChannelImpl$Closer done
Event: 0.303 Loading class java/nio/channels/Channels
Event: 0.303 Loading class java/nio/channels/Channels done
Event: 0.303 Loading class sun/nio/ch/Streams
Event: 0.303 Loading class sun/nio/ch/Streams done
Event: 0.303 Loading class sun/nio/ch/SocketChannelImpl
Event: 0.304 Loading class sun/nio/ch/SelChImpl
Event: 0.304 Loading class sun/nio/ch/SelChImpl done
Event: 0.304 Loading class java/nio/channels/SocketChannel
Event: 0.304 Loading class java/nio/channels/NetworkChannel
Event: 0.304 Loading class java/nio/channels/NetworkChannel done
Event: 0.304 Loading class java/nio/channels/spi/AbstractSelectableChannel
Event: 0.304 Loading class java/nio/channels/SelectableChannel
Event: 0.304 Loading class java/nio/channels/SelectableChannel done
Event: 0.304 Loading class java/nio/channels/spi/AbstractSelectableChannel done
Event: 0.304 Loading class java/nio/channels/SocketChannel done
Event: 0.304 Loading class sun/nio/ch/SocketChannelImpl done
Event: 0.304 Loading class sun/nio/ch/ChannelInputStream

Classes unloaded (0 events):
No events

Classes redefined (0 events):
No events

Internal exceptions (0 events):
No events

ZGC Phase Switch (0 events):
No events

VM Operations (6 events):
Event: 0.139 Executing VM operation: HandshakeAllThreads (Deoptimize)
Event: 0.139 Executing VM operation: HandshakeAllThreads (Deoptimize) done
Event: 0.265 Executing VM operation: HandshakeAllThreads (Deoptimize)
Event: 0.265 Executing VM operation: HandshakeAllThreads (Deoptimize) done
Event: 0.296 Executing VM operation: HandshakeAllThreads (Deoptimize)
Event: 0.296 Executing VM operation: HandshakeAllThreads (Deoptimize) done

Events (13 events):
Event: 0.011 Thread 0x00000172c37246a0 Thread added: 0x00000172c37246a0
Event: 0.055 Thread 0x00000172ea0bc420 Thread added: 0x00000172ea0bc420
Event: 0.055 Thread 0x00000172ea0bcfe0 Thread added: 0x00000172ea0bcfe0
Event: 0.056 Thread 0x00000172ea10e160 Thread added: 0x00000172ea10e160
Event: 0.056 Thread 0x00000172ea10e7d0 Thread added: 0x00000172ea10e7d0
Event: 0.056 Thread 0x00000172ea0effd0 Thread added: 0x00000172ea0effd0
Event: 0.056 Thread 0x00000172ea0f1a40 Thread added: 0x00000172ea0f1a40
Event: 0.056 Thread 0x00000172ea103df0 Thread added: 0x00000172ea103df0
Event: 0.056 Thread 0x00000172ea116f80 Thread added: 0x00000172ea116f80
Event: 0.101 Thread 0x00000172ea274c20 Thread added: 0x00000172ea274c20
Event: 0.108 Thread 0x00000172ea2d9fa0 Thread added: 0x00000172ea2d9fa0
Event: 0.112 Thread 0x00000172ea2e0e40 Thread added: 0x00000172ea2e0e40
Event: 0.151 Thread 0x00000172ea4275d0 Thread added: 0x00000172ea4275d0


Dynamic libraries:
0x00007ff639d90000 - 0x00007ff639d9e000 	E:\eclipse\sts-4.22.0.RELEASE\plugins\org.eclipse.justj.openjdk.hotspot.jre.full.win32.x86_64_22.0.1.v20240426-1149\jre\bin\javaw.exe
0x00007ffdbaa50000 - 0x00007ffdbac67000 	C:\WINDOWS\SYSTEM32\ntdll.dll
0x00007ffdb8be0000 - 0x00007ffdb8ca4000 	C:\WINDOWS\System32\KERNEL32.DLL
0x00007ffdb81c0000 - 0x00007ffdb8567000 	C:\WINDOWS\System32\KERNELBASE.dll
0x00007ffdb8630000 - 0x00007ffdb8741000 	C:\WINDOWS\System32\ucrtbase.dll
0x00007ffdaf600000 - 0x00007ffdaf617000 	E:\eclipse\sts-4.22.0.RELEASE\plugins\org.eclipse.justj.openjdk.hotspot.jre.full.win32.x86_64_22.0.1.v20240426-1149\jre\bin\jli.dll
0x00007ffda3110000 - 0x00007ffda312b000 	E:\eclipse\sts-4.22.0.RELEASE\plugins\org.eclipse.justj.openjdk.hotspot.jre.full.win32.x86_64_22.0.1.v20240426-1149\jre\bin\VCRUNTIME140.dll
0x00007ffdb9330000 - 0x00007ffdb94de000 	C:\WINDOWS\System32\USER32.dll
0x00007ffda76a0000 - 0x00007ffda7933000 	C:\WINDOWS\WinSxS\amd64_microsoft.windows.common-controls_6595b64144ccf1df_6.0.22621.3527_none_270e469b73872a76\COMCTL32.dll
0x00007ffdb8750000 - 0x00007ffdb8776000 	C:\WINDOWS\System32\win32u.dll
0x00007ffdb9510000 - 0x00007ffdb95b7000 	C:\WINDOWS\System32\msvcrt.dll
0x00007ffdb9300000 - 0x00007ffdb9329000 	C:\WINDOWS\System32\GDI32.dll
0x00007ffdb7e60000 - 0x00007ffdb7f79000 	C:\WINDOWS\System32\gdi32full.dll
0x00007ffdb7f80000 - 0x00007ffdb801a000 	C:\WINDOWS\System32\msvcp_win.dll
0x00007ffdb9000000 - 0x00007ffdb9031000 	C:\WINDOWS\System32\IMM32.DLL
0x00007ffdaa2c0000 - 0x00007ffdaa2cc000 	E:\eclipse\sts-4.22.0.RELEASE\plugins\org.eclipse.justj.openjdk.hotspot.jre.full.win32.x86_64_22.0.1.v20240426-1149\jre\bin\vcruntime140_1.dll
0x00007ffd9b930000 - 0x00007ffd9b9be000 	E:\eclipse\sts-4.22.0.RELEASE\plugins\org.eclipse.justj.openjdk.hotspot.jre.full.win32.x86_64_22.0.1.v20240426-1149\jre\bin\msvcp140.dll
0x00007ffd20910000 - 0x00007ffd216d2000 	E:\eclipse\sts-4.22.0.RELEASE\plugins\org.eclipse.justj.openjdk.hotspot.jre.full.win32.x86_64_22.0.1.v20240426-1149\jre\bin\server\jvm.dll
0x00007ffdba330000 - 0x00007ffdba3e2000 	C:\WINDOWS\System32\ADVAPI32.dll
0x00007ffdba890000 - 0x00007ffdba938000 	C:\WINDOWS\System32\sechost.dll
0x00007ffdb8190000 - 0x00007ffdb81b8000 	C:\WINDOWS\System32\bcrypt.dll
0x00007ffdb91e0000 - 0x00007ffdb92f5000 	C:\WINDOWS\System32\RPCRT4.dll
0x00007ffdba940000 - 0x00007ffdba9b1000 	C:\WINDOWS\System32\WS2_32.dll
0x00007ffdb6bf0000 - 0x00007ffdb6c3d000 	C:\WINDOWS\SYSTEM32\POWRPROF.dll
0x00007ffdabce0000 - 0x00007ffdabd14000 	C:\WINDOWS\SYSTEM32\WINMM.dll
0x00007ffdb1320000 - 0x00007ffdb132a000 	C:\WINDOWS\SYSTEM32\VERSION.dll
0x00007ffdb6bd0000 - 0x00007ffdb6be3000 	C:\WINDOWS\SYSTEM32\UMPDC.dll
0x00007ffdb6e80000 - 0x00007ffdb6e98000 	C:\WINDOWS\SYSTEM32\kernel.appcore.dll
0x00007ffdb1a20000 - 0x00007ffdb1a2a000 	E:\eclipse\sts-4.22.0.RELEASE\plugins\org.eclipse.justj.openjdk.hotspot.jre.full.win32.x86_64_22.0.1.v20240426-1149\jre\bin\jimage.dll
0x00007ffdb0c60000 - 0x00007ffdb0e92000 	C:\WINDOWS\SYSTEM32\DBGHELP.DLL
0x00007ffdba4a0000 - 0x00007ffdba828000 	C:\WINDOWS\System32\combase.dll
0x00007ffdb8930000 - 0x00007ffdb8a07000 	C:\WINDOWS\System32\OLEAUT32.dll
0x00007ffdb07e0000 - 0x00007ffdb0812000 	C:\WINDOWS\SYSTEM32\dbgcore.DLL
0x00007ffdb7d70000 - 0x00007ffdb7de9000 	C:\WINDOWS\System32\bcryptPrimitives.dll
0x00007ffda2d50000 - 0x00007ffda2d6e000 	E:\eclipse\sts-4.22.0.RELEASE\plugins\org.eclipse.justj.openjdk.hotspot.jre.full.win32.x86_64_22.0.1.v20240426-1149\jre\bin\java.dll
0x00007ffdb95c0000 - 0x00007ffdb9e1c000 	C:\WINDOWS\System32\SHELL32.dll
0x00007ffdb8780000 - 0x00007ffdb8925000 	C:\WINDOWS\System32\ole32.dll
0x00007ffda2d00000 - 0x00007ffda2d17000 	E:\eclipse\sts-4.22.0.RELEASE\plugins\org.eclipse.justj.openjdk.hotspot.jre.full.win32.x86_64_22.0.1.v20240426-1149\jre\bin\zip.dll
0x00007ffdb5cb0000 - 0x00007ffdb65a6000 	C:\WINDOWS\SYSTEM32\windows.storage.dll
0x00007ffdb5b70000 - 0x00007ffdb5cae000 	C:\WINDOWS\SYSTEM32\wintypes.dll
0x00007ffdb8d40000 - 0x00007ffdb8e35000 	C:\WINDOWS\System32\SHCORE.dll
0x00007ffdba830000 - 0x00007ffdba88e000 	C:\WINDOWS\System32\shlwapi.dll
0x00007ffdb7ca0000 - 0x00007ffdb7cc1000 	C:\WINDOWS\SYSTEM32\profapi.dll
0x00007ffdb0190000 - 0x00007ffdb01a0000 	E:\eclipse\sts-4.22.0.RELEASE\plugins\org.eclipse.justj.openjdk.hotspot.jre.full.win32.x86_64_22.0.1.v20240426-1149\jre\bin\net.dll
0x00007ffdb72f0000 - 0x00007ffdb7359000 	C:\WINDOWS\system32\mswsock.dll
0x00007ffda0bd0000 - 0x00007ffda0be6000 	E:\eclipse\sts-4.22.0.RELEASE\plugins\org.eclipse.justj.openjdk.hotspot.jre.full.win32.x86_64_22.0.1.v20240426-1149\jre\bin\nio.dll
0x00007ffdafa90000 - 0x00007ffdafaa0000 	E:\eclipse\sts-4.22.0.RELEASE\plugins\org.eclipse.justj.openjdk.hotspot.jre.full.win32.x86_64_22.0.1.v20240426-1149\jre\bin\verify.dll

dbghelp: loaded successfully - version: 4.0.5 - missing functions: none
symbol engine: initialized successfully - sym options: 0x614 - pdb path: .;E:\eclipse\sts-4.22.0.RELEASE\plugins\org.eclipse.justj.openjdk.hotspot.jre.full.win32.x86_64_22.0.1.v20240426-1149\jre\bin;C:\WINDOWS\SYSTEM32;C:\WINDOWS\WinSxS\amd64_microsoft.windows.common-controls_6595b64144ccf1df_6.0.22621.3527_none_270e469b73872a76;E:\eclipse\sts-4.22.0.RELEASE\plugins\org.eclipse.justj.openjdk.hotspot.jre.full.win32.x86_64_22.0.1.v20240426-1149\jre\bin\server

VM Arguments:
jvm_args: -Dfile.encoding=UTF-8 -Dstdout.encoding=UTF-8 -Dstderr.encoding=UTF-8 -XX:+ShowCodeDetailsInExceptionMessages 
java_command: imdb.Menu
java_class_path (initial): E:\CDA Curs\java\Projet-JPA\target\classes;E:\eclipse\sts-4.22.0.RELEASE\plugins\junit-jupiter-api_5.10.2.jar;E:\eclipse\sts-4.22.0.RELEASE\plugins\junit-jupiter-engine_5.10.2.jar;E:\eclipse\sts-4.22.0.RELEASE\plugins\junit-jupiter-migrationsupport_5.10.2.jar;E:\eclipse\sts-4.22.0.RELEASE\plugins\junit-jupiter-params_5.10.2.jar;E:\eclipse\sts-4.22.0.RELEASE\plugins\junit-platform-commons_1.10.2.jar;E:\eclipse\sts-4.22.0.RELEASE\plugins\junit-platform-engine_1.10.2.jar;E:\eclipse\sts-4.22.0.RELEASE\plugins\junit-platform-launcher_1.10.2.jar;E:\eclipse\sts-4.22.0.RELEASE\plugins\junit-platform-runner_1.10.2.jar;E:\eclipse\sts-4.22.0.RELEASE\plugins\junit-platform-suite-api_1.10.2.jar;E:\eclipse\sts-4.22.0.RELEASE\plugins\junit-platform-suite-engine_1.10.2.jar;E:\eclipse\sts-4.22.0.RELEASE\plugins\junit-platform-suite-commons_1.10.2.jar;E:\eclipse\sts-4.22.0.RELEASE\plugins\junit-vintage-engine_5.10.2.jar;E:\eclipse\sts-4.22.0.RELEASE\plugins\org.opentest4j_1.3.0.jar;E:\eclipse\sts-4.22.0.RELEASE\plugins\org.apiguardian.api_1.1.2.jar;E:\eclipse\sts-4.22.0.RELEASE\plugins\org.junit_4.13.2.v20230809-1000.jar;E:\eclipse\sts-4.22.0.RELEASE\plugins\org.hamcrest_2.2.0.jar;E:\eclipse\sts-4.22.0.RELEASE\plugins\org.hamcrest.core_2.2.0.v20230809-1000.jar;C:\Users\fredtr\.m2\repository\org\hibernate\orm\hibernate-core\6.5.2.Final\hibernate-core-6.5.2.Final.jar;C:\Users\fredtr\.m2\repository\jakarta\transaction\jakarta.transaction-api\2.0.1\jakarta.transaction-api-2.0.1.jar;C:\Users\fredtr\.m2\repository\org\jboss\logging\jboss-logging\3.5.0.Final\jboss-logging-3.5.0.Final.jar;C:\Users\fredtr\.m2\repository\org\hibernate\common\hibernate-commons-annotations\6.0.6.Final\hibernate-commons-annotations-6.0.6.Final.jar;C:\Users\fredtr\.m2\repository\io\smallrye\jandex\3.1.2\jandex-3.1.2.jar;C:\Users\fredtr\.m2\repository\com\fasterxml\classmate\1.5.1\classmate-1.5.1.jar;C:\Users\fredtr\.m2\repository\net\bytebuddy\byte-buddy\1.14.15\byte-buddy-1.14.15.jar;C:\Users\fredtr\.m2\repository\jakarta\xml\bind\jakarta.xml.bind-api\4.0.0\jakarta.xml.bind-api-4.0.0.jar;C:\Users\fredtr\.m2\repository\jakarta\activation\jakarta.activation-api\2.1.0\jakarta.activation-api-2.1.0.jar;C:\Users\fredtr\.m2\repository\org\glassfish\jaxb\jaxb-runtime\4.0.2\jaxb-runtime-4.0.2.jar;C:\Users\fredtr\.m2\repository\org\glassfish\jaxb\jaxb-core\4.0.2\jaxb-core-4.0.2.jar;C:\Users\fredtr\.m2\repository\org\eclipse\angus\angus-activation\2.0.0\angus-activation-2.0.0.jar;C:\Users\fredtr\.m2\repository\org\glassfish\jaxb\txw2\4.0.2\txw2-4.0.2.jar;C:\Users\fredtr\.m2\repository\com\sun\istack\istack-commons-runtime\4.1.1\istack-commons-runtime-4.1.1.jar;C:\Users\fredtr\.m2\repository\jakarta\inject\jakarta.inject-api\2.0.1\jakarta.inject-api-2.0.1.jar;C:\Users\fredtr\.m2\repository\org\antlr\antlr4-runtime\4.13.0\antlr4-runtime-4.13.0.jar;C:\Users\fredtr\.m2\repository\jakarta\persistence\jakarta.persistence-api\3.2.0\jakarta.persistence-api-3.2.0.jar;C:\Users\fredtr\.m2\repository\commons-io\commons-io\2.7\commons-io-2.7.jar;C:\Users\fredtr\.m2\repository\mysql\mysql-connector-java\8.0.23\mysql-connector-java-8.0.23.jar;C:\Users\fredtr\.m2\repository\com\google\protobuf\protobuf-java\3.11.4\protobuf-java-3.11.4.jar;C:\Users\fredtr\.m2\repository\com\opencsv\opencsv\5.5.2\opencsv-5.5.2.jar;C:\Users\fredtr\.m2\repository\org\apache\commons\commons-lang3\3.12.0\commons-lang3-3.12.0.jar;C:\Users\fredtr\.m2\repository\commons-beanutils\commons-beanutils\1.9.4\commons-beanutils-1.9.4.jar;C:\Users\fredtr\.m2\repository\commons-logging\commons-logging\1.2\commons-logging-1.2.jar;C:\Users\fredtr\.m2\repository\commons-collections\commons-collections\3.2.2\commons-collections-3.2.2.jar;C:\Users\fredtr\.m2\repository\org\apache\commons\commons-collections4\4.4\commons-collections4-4.4.jar;C:\Users\fredtr\.m2\repository\org\slf4j\slf4j-api\1.7.32\slf4j-api-1.7.32.jar;C:\Users\fredtr\.m2\repository\org\projectlombok\lombok\1.18.30\lombok-1.18.30.jar;C:\Users\fredtr\.m2\repository\org\apache\commons\commons-text\1.9\commons-text-1.9.jar;C:\Users\fredtr\.m2\repository\ch\qos\logback\logback-classic\1.2.10\logback-classic-1.2.10.jar;C:\Users\fredtr\.m2\repository\ch\qos\logback\logback-core\1.2.10\logback-core-1.2.10.jar
Launcher Type: SUN_STANDARD

[Global flags]
     intx CICompilerCount                          = 12                                        {product} {ergonomic}
     uint ConcGCThreads                            = 3                                         {product} {ergonomic}
     uint G1ConcRefinementThreads                  = 13                                        {product} {ergonomic}
   size_t G1HeapRegionSize                         = 4194304                                   {product} {ergonomic}
   size_t InitialHeapSize                          = 536870912                                 {product} {ergonomic}
   size_t MarkStackSize                            = 4194304                                   {product} {ergonomic}
   size_t MaxHeapSize                              = 8577351680                                {product} {ergonomic}
   size_t MaxNewSize                               = 5146411008                                {product} {ergonomic}
   size_t MinHeapDeltaBytes                        = 4194304                                   {product} {ergonomic}
   size_t MinHeapSize                              = 8388608                                   {product} {ergonomic}
    uintx NonNMethodCodeHeapSize                   = 7602480                                {pd product} {ergonomic}
    uintx NonProfiledCodeHeapSize                  = 122027880                              {pd product} {ergonomic}
    uintx ProfiledCodeHeapSize                     = 122027880                              {pd product} {ergonomic}
    uintx ReservedCodeCacheSize                    = 251658240                              {pd product} {ergonomic}
     bool SegmentedCodeCache                       = true                                      {product} {ergonomic}
     bool ShowCodeDetailsInExceptionMessages       = true                                   {manageable} {command line}
   size_t SoftMaxHeapSize                          = 8577351680                             {manageable} {ergonomic}
     bool UseCompressedOops                        = true                           {product lp64_product} {ergonomic}
     bool UseG1GC                                  = true                                      {product} {ergonomic}
     bool UseLargePagesIndividualAllocation        = false                                  {pd product} {ergonomic}

Logging:
Log output configuration:
 #0: stdout all=warning uptime,level,tags foldmultilines=false
 #1: stderr all=off uptime,level,tags foldmultilines=false

Environment Variables:
PATH=E:/eclipse/sts-4.22.0.RELEASE//plugins/org.eclipse.justj.openjdk.hotspot.jre.full.win32.x86_64_22.0.1.v20240426-1149/jre/bin/server;E:/eclipse/sts-4.22.0.RELEASE//plugins/org.eclipse.justj.openjdk.hotspot.jre.full.win32.x86_64_22.0.1.v20240426-1149/jre/bin;C:\Program Files\Common Files\Oracle\Java\javapath;C:\Python311\Scripts\;C:\Python311\;C:\Users\fredtr\AppData\Roaming\Python\Python310\Scripts;C:\Users\fredtr\AppData\Roaming\Python\Python310;C:\Python310\Scripts\;C:\Python310\;C:\WINDOWS\system32;C:\WINDOWS;C:\WINDOWS\System32\Wbem;C:\WINDOWS\System32\WindowsPowerShell\v1.0\;C:\Program Files\Common Files\Autodesk Shared\;C:\Program Files\NVIDIA Corporation\NVIDIA NvDLISR;C:\WINDOWS\System32\OpenSSH\;C:\Program Files (x86)\NVIDIA Corporation\PhysX\Common;C:\ProgramData\chocolatey\bin;C:\Program Files\Docker\Docker\resources\bin;C:\Program Files\PuTTY\;C:\Program Files\Git\cmd;C:\MAMP\bin\php;C:\MAMP\bin\php\php8.2.3\ext;C:\Program Files\Amazon\AWSCLIV2\awscli;C:\Program Files\Amazon\AWSSAMCLI\bin\;C:\Program Files\Amazon\AWSCLIV2\aws_completer;C:\Program Files\Amazon\AWSCLIV2\;C:\Program Files\nodejs\;E:\CDA Curs\MAven\apache-maven-3.9.6\bin;C:\Program Files\Java\jdk-21;;%SystemRoot%\system32;%SystemRoot%;%SystemRoot%\System32\Wbem;%SYSTEMROOT%\System32\WindowsPowerShell\v1.0\;%SYSTEMROOT%\System32\OpenSSH\;C:\Users\fredtr\scoop\apps\nodejs\current\bin;C:\Users\fredtr\scoop\apps\nodejs\current;C:\WINDOWS\system32;C:\WINDOWS;C:\WINDOWS\System32\Wbem;C:\WINDOWS\System32\WindowsPowerShell\v1.0\;C:\Program Files\Common Files\Autodesk Shared\;C:\Program Files\NVIDIA Corporation\NVIDIA NvDLISR;C:\WINDOWS\System32\OpenSSH\;C:\Program Files (x86)\NVIDIA Corporation\PhysX\Common;C:\ProgramData\chocolatey\bin;C:\Program Files\Git\cmd;C:\composer;C:\Program Files\Docker\Docker\resources\bin;C:\Program Files\PuTTY\;C:\Program Files\nodejs;C:\Users\fredtr\scoop\shims;C:\Users\fredtr\AppData\Local\Microsoft\WindowsApps;C:\Users\fredtr\AppData\Local\Programs\Microsoft VS Code\bin;C:\Users\fredtr\AppData\Local\GitHubDesktop\bin;C:\Users\fredtr\AppData\Roaming\Composer\vendor\bin;C:\Program Files (x86)\Brackets\;C:\Program Files\heroku\bin;C:\Program Files\MongoDB\Server\6.0\bin;C:\Users\fredtr\.fly\bin;C:\Users\fredtr;C:\MAMP\bin\mysql\bin;C:\MAMP\bin\php\php-8.2.3;C:\Program Files\Amazon\AWSCLI\bin;C:\Users\fredtr\AppData\Roaming\npm;%USERPROFILE%\AppData\Local\Microsoft\WindowsApps;;E:\eclipse\sts-4.22.0.RELEASE;
USERNAME=fredtr
OS=Windows_NT
PROCESSOR_IDENTIFIER=AMD64 Family 23 Model 1 Stepping 1, AuthenticAMD
TMP=C:\Users\fredtr\AppData\Local\Temp
TEMP=C:\Users\fredtr\AppData\Local\Temp




Periodic native trim disabled

---------------  S Y S T E M  ---------------

OS:
 Windows 11 , 64 bit Build 22621 (10.0.22621.3527)
OS uptime: 9 days 6:50 hours
Hyper-V role detected

CPU: total 16 (initial active 16) (16 cores per cpu, 2 threads per core) family 23 model 1 stepping 1 microcode 0x0, cx8, cmov, fxsr, ht, mmx, 3dnowpref, sse, sse2, sse3, ssse3, sse4a, sse4.1, sse4.2, popcnt, lzcnt, tsc, tscinvbit, avx, avx2, aes, clmul, bmi1, bmi2, adx, sha, fma, vzeroupper, clflush, clflushopt, hv, rdtscp, f16c
Processor Information for all 16 processors :
  Max Mhz: 3600, Current Mhz: 3600, Mhz Limit: 3600

Memory: 4k page, system-wide physical 32714M (13523M free)
TotalPageFile size 34762M (AvailPageFile size 5M)
current process WorkingSet (physical memory assigned to process): 51M, peak: 51M
current process commit charge ("private bytes"): 614M, peak: 614M

vm_info: OpenJDK 64-Bit Server VM (22.0.1+8) for windows-amd64 JRE (22.0.1+8), built on 2024-04-16T00:00:00Z by "admin" with MS VC++ 17.7 (VS2022)

END.
