#
# There is insufficient memory for the Java Runtime Environment to continue.
# Native memory allocation (mmap) failed to map 536870912 bytes. Error detail: G1 virtual space
# Possible reasons:
#   The system is out of physical RAM or swap space
#   This process is running with CompressedOops enabled, and the Java Heap may be blocking the growth of the native heap
# Possible solutions:
#   Reduce memory load on the system
#   Increase physical memory or swap space
#   Check if swap backing store is full
#   Decrease Java heap size (-Xmx/-Xms)
#   Decrease number of Java threads
#   Decrease Java thread stack sizes (-Xss)
#   Set larger code cache with -XX:ReservedCodeCacheSize=
#   JVM is running with Zero Based Compressed Oops mode in which the Java heap is
#     placed in the first 32GB address space. The Java Heap base address is the
#     maximum limit for the native heap growth. Please use -XX:HeapBaseMinAddress
#     to set the Java Heap base and to place the Java Heap above 32GB virtual address.
# This output file may be truncated or incomplete.
#
#  Out of Memory Error (os_windows.cpp:3631), pid=24648, tid=23108
#
# JRE version:  (22.0.1+8) (build )
# Java VM: OpenJDK 64-Bit Server VM (22.0.1+8, mixed mode, sharing, tiered, compressed oops, compressed class ptrs, g1 gc, windows-amd64)
# No core dump will be written. Minidumps are not enabled by default on client versions of Windows
#

---------------  S U M M A R Y ------------

Command Line: -Dfile.encoding=UTF-8 -Dstdout.encoding=UTF-8 -Dstderr.encoding=UTF-8 -XX:+ShowCodeDetailsInExceptionMessages imdb.Menu

Host: AMD Ryzen 7 1700X Eight-Core Processor         , 16 cores, 31G,  Windows 11 , 64 bit Build 22621 (10.0.22621.3527)
Time: Tue Jun 18 14:54:32 2024 Paris, Madrid (heure duild 22621 (10.0.22621.3527) elapsed time: 0.011816 seconds (0d 0h 0m 0s)

---------------  T H R E A D  ---------------

Current thread (0x000002ab7dac6320):  JavaThread "Unknown thread" [_thread_in_vm, id=23108, stack(0x000000d421f00000,0x000000d422000000) (1024K)]

Stack: [0x000000d421f00000,0x000000d422000000]
Native frames: (J=compiled Java code, j=interpreted, Vv=VM code, C=native code)
V  [jvm.dll+0x6ea239]  (no source info available)
V  [jvm.dll+0x8ccf93]  (no source info available)
V  [jvm.dll+0x8cf3be]  (no source info available)
V  [jvm.dll+0x8cfa93]  (no source info available)
V  [jvm.dll+0x286ea6]  (no source info available)
V  [jvm.dll+0x6e68c5]  (no source info available)
V  [jvm.dll+0x6db54a]  (no source info available)
V  [jvm.dll+0x3601ba]  (no source info available)
V  [jvm.dll+0x368686]  (no source info available)
V  [jvm.dll+0x3ba43e]  (no source info available)
V  [jvm.dll+0x3ba6e8]  (no source info available)
V  [jvm.dll+0x333cbc]  (no source info available)
V  [jvm.dll+0x334878]  (no source info available)
V  [jvm.dll+0x894ebc]  (no source info available)
V  [jvm.dll+0x3c7531]  (no source info available)
V  [jvm.dll+0x87dc3c]  (no source info available)
V  [jvm.dll+0x460e3e]  (no source info available)
V  [jvm.dll+0x462c51]  (no source info available)
C  [jli.dll+0x5278]  (no source info available)
C  [ucrtbase.dll+0x29333]  (no source info available)
C  [KERNEL32.DLL+0x1257d]  (no source info available)
C  [ntdll.dll+0x5aa48]  (no source info available)


---------------  P R O C E S S  ---------------

Threads class SMR info:
_java_thread_list=0x00007ffd2156c688, length=0, elements={
}

Java Threads: ( => current thread )
Total: 0

Other Threads:
  0x000002ab7fdbd650 WorkerThread "GC Thread#0"                     [id=25412, stack(0x000000d422000000,0x000000d422100000) (1024K)]
  0x000002ab7fdce5d0 ConcurrentGCThread "G1 Main Marker"            [id=20748, stack(0x000000d422100000,0x000000d422200000) (1024K)]
  0x000002ab1d131180 WorkerThread "G1 Conc#0"                       [id=16512, stack(0x000000d422200000,0x000000d422300000) (1024K)]

[error occurred during error reporting (printing all threads), id 0xc0000005, EXCEPTION_ACCESS_VIOLATION (0xc0000005) at pc=0x00007ffd20c56b17]
VM state: not at safepoint (not fully initialized)

VM Mutex/Monitor currently owned by a thread:  ([mutex/lock_event])
[0x00007ffd215f00a8] Heap_lock - owner thread: 0x000002ab7dac6320

Heap address: 0x0000000600c00000, size: 8180 MB, Compressed Oops mode: Zero based, Oop shift amount: 3

CDS archive(s) mapped at: [0x0000000000000000-0x0000000000000000-0x0000000000000000), size 0, SharedBaseAddress: 0x0000000800000000, ArchiveRelocationMode: 1.
Narrow klass base: 0x0000000000000000, Narrow klass shift: 0, Narrow klass range: 0x0

GC Precious Log:
 CardTable entry size: 512
 Card Set container configuration: InlinePtr #cards 4 size 8 Array Of Cards #cards 32 size 80 Howl #buckets 8 coarsen threshold 7372 Howl Bitmap #cards 1024 size 144 coarsen threshold 921 Card regions per heap region 1 cards per card region 8192

Heap:
 garbage-first heap   total reserved 8376320K, committed 0K, used 0K [0x0000000600c00000, 0x0000000800000000)
  region size 4096K, 0 young (0K), 0 survivors (0K)

[error occurred during error reporting (printing heap information), id 0xc0000005, EXCEPTION_ACCESS_VIOLATION (0xc0000005) at pc=0x00007ffd21056e29]
GC Heap History (0 events):
No events

Dll operation events (1 events):
Event: 0.008 Loaded shared library E:\eclipse\sts-4.22.0.RELEASE\plugins\org.eclipse.justj.openjdk.hotspot.jre.full.win32.x86_64_22.0.1.v20240426-1149\jre\bin\java.dll

Deoptimization events (0 events):
No events

Classes loaded (0 events):
No events

Classes unloaded (0 events):
No events

Classes redefined (0 events):
No events

Internal exceptions (0 events):
No events

ZGC Phase Switch (0 events):
No events

VM Operations (0 events):
No events

Events (0 events):
No events


Dynamic libraries:
0x00007ff639d90000 - 0x00007ff639d9e000 	E:\eclipse\sts-4.22.0.RELEASE\plugins\org.eclipse.justj.openjdk.hotspot.jre.full.win32.x86_64_22.0.1.v20240426-1149\jre\bin\javaw.exe
0x00007ffdbaa50000 - 0x00007ffdbac67000 	C:\WINDOWS\SYSTEM32\ntdll.dll
0x00007ffdb8be0000 - 0x00007ffdb8ca4000 	C:\WINDOWS\System32\KERNEL32.DLL
0x00007ffdb81c0000 - 0x00007ffdb8567000 	C:\WINDOWS\System32\KERNELBASE.dll
0x00007ffdb8630000 - 0x00007ffdb8741000 	C:\WINDOWS\System32\ucrtbase.dll
0x00007ffdaf600000 - 0x00007ffdaf617000 	E:\eclipse\sts-4.22.0.RELEASE\plugins\org.eclipse.justj.openjdk.hotspot.jre.full.win32.x86_64_22.0.1.v20240426-1149\jre\bin\jli.dll
0x00007ffda3110000 - 0x00007ffda312b000 	E:\eclipse\sts-4.22.0.RELEASE\plugins\org.eclipse.justj.openjdk.hotspot.jre.full.win32.x86_64_22.0.1.v20240426-1149\jre\bin\VCRUNTIME140.dll
0x00007ffdb9330000 - 0x00007ffdb94de000 	C:\WINDOWS\System32\USER32.dll
0x00007ffdb8750000 - 0x00007ffdb8776000 	C:\WINDOWS\System32\win32u.dll
0x00007ffda76a0000 - 0x00007ffda7933000 	C:\WINDOWS\WinSxS\amd64_microsoft.windows.common-controls_6595b64144ccf1df_6.0.22621.3527_none_270e469b73872a76\COMCTL32.dll
0x00007ffdb9300000 - 0x00007ffdb9329000 	C:\WINDOWS\System32\GDI32.dll
0x00007ffdb9510000 - 0x00007ffdb95b7000 	C:\WINDOWS\System32\msvcrt.dll
0x00007ffdb7e60000 - 0x00007ffdb7f79000 	C:\WINDOWS\System32\gdi32full.dll
0x00007ffdb7f80000 - 0x00007ffdb801a000 	C:\WINDOWS\System32\msvcp_win.dll
0x00007ffdb9000000 - 0x00007ffdb9031000 	C:\WINDOWS\System32\IMM32.DLL
0x00007ffdaa2c0000 - 0x00007ffdaa2cc000 	E:\eclipse\sts-4.22.0.RELEASE\plugins\org.eclipse.justj.openjdk.hotspot.jre.full.win32.x86_64_22.0.1.v20240426-1149\jre\bin\vcruntime140_1.dll
0x00007ffd9b930000 - 0x00007ffd9b9be000 	E:\eclipse\sts-4.22.0.RELEASE\plugins\org.eclipse.justj.openjdk.hotspot.jre.full.win32.x86_64_22.0.1.v20240426-1149\jre\bin\msvcp140.dll
0x00007ffd20910000 - 0x00007ffd216d2000 	E:\eclipse\sts-4.22.0.RELEASE\plugins\org.eclipse.justj.openjdk.hotspot.jre.full.win32.x86_64_22.0.1.v20240426-1149\jre\bin\server\jvm.dll
0x00007ffdba330000 - 0x00007ffdba3e2000 	C:\WINDOWS\System32\ADVAPI32.dll
0x00007ffdba890000 - 0x00007ffdba938000 	C:\WINDOWS\System32\sechost.dll
0x00007ffdb8190000 - 0x00007ffdb81b8000 	C:\WINDOWS\System32\bcrypt.dll
0x00007ffdb91e0000 - 0x00007ffdb92f5000 	C:\WINDOWS\System32\RPCRT4.dll
0x00007ffdba940000 - 0x00007ffdba9b1000 	C:\WINDOWS\System32\WS2_32.dll
0x00007ffdb6bf0000 - 0x00007ffdb6c3d000 	C:\WINDOWS\SYSTEM32\POWRPROF.dll
0x00007ffdabce0000 - 0x00007ffdabd14000 	C:\WINDOWS\SYSTEM32\WINMM.dll
0x00007ffdb1320000 - 0x00007ffdb132a000 	C:\WINDOWS\SYSTEM32\VERSION.dll
0x00007ffdb6bd0000 - 0x00007ffdb6be3000 	C:\WINDOWS\SYSTEM32\UMPDC.dll
0x00007ffdb6e80000 - 0x00007ffdb6e98000 	C:\WINDOWS\SYSTEM32\kernel.appcore.dll
0x00007ffdb1a20000 - 0x00007ffdb1a2a000 	E:\eclipse\sts-4.22.0.RELEASE\plugins\org.eclipse.justj.openjdk.hotspot.jre.full.win32.x86_64_22.0.1.v20240426-1149\jre\bin\jimage.dll
0x00007ffdb0c60000 - 0x00007ffdb0e92000 	C:\WINDOWS\SYSTEM32\DBGHELP.DLL
0x00007ffdba4a0000 - 0x00007ffdba828000 	C:\WINDOWS\System32\combase.dll
0x00007ffdb8930000 - 0x00007ffdb8a07000 	C:\WINDOWS\System32\OLEAUT32.dll
0x00007ffdb07e0000 - 0x00007ffdb0812000 	C:\WINDOWS\SYSTEM32\dbgcore.DLL
0x00007ffdb7d70000 - 0x00007ffdb7de9000 	C:\WINDOWS\System32\bcryptPrimitives.dll
0x00007ffda2d50000 - 0x00007ffda2d6e000 	E:\eclipse\sts-4.22.0.RELEASE\plugins\org.eclipse.justj.openjdk.hotspot.jre.full.win32.x86_64_22.0.1.v20240426-1149\jre\bin\java.dll
0x00007ffdb95c0000 - 0x00007ffdb9e1c000 	C:\WINDOWS\System32\SHELL32.dll
0x00007ffdb8780000 - 0x00007ffdb8925000 	C:\WINDOWS\System32\ole32.dll

dbghelp: loaded successfully - version: 4.0.5 - missing functions: none
symbol engine: initialized successfully - sym options: 0x614 - pdb path: .;E:\eclipse\sts-4.22.0.RELEASE\plugins\org.eclipse.justj.openjdk.hotspot.jre.full.win32.x86_64_22.0.1.v20240426-1149\jre\bin;C:\WINDOWS\SYSTEM32;C:\WINDOWS\WinSxS\amd64_microsoft.windows.common-controls_6595b64144ccf1df_6.0.22621.3527_none_270e469b73872a76;E:\eclipse\sts-4.22.0.RELEASE\plugins\org.eclipse.justj.openjdk.hotspot.jre.full.win32.x86_64_22.0.1.v20240426-1149\jre\bin\server

VM Arguments:
jvm_args: -Dfile.encoding=UTF-8 -Dstdout.encoding=UTF-8 -Dstderr.encoding=UTF-8 -XX:+ShowCodeDetailsInExceptionMessages 
java_command: imdb.Menu
java_class_path (initial): E:\CDA Curs\java\Projet-JPA\target\classes;E:\eclipse\sts-4.22.0.RELEASE\plugins\junit-jupiter-api_5.10.2.jar;E:\eclipse\sts-4.22.0.RELEASE\plugins\junit-jupiter-engine_5.10.2.jar;E:\eclipse\sts-4.22.0.RELEASE\plugins\junit-jupiter-migrationsupport_5.10.2.jar;E:\eclipse\sts-4.22.0.RELEASE\plugins\junit-jupiter-params_5.10.2.jar;E:\eclipse\sts-4.22.0.RELEASE\plugins\junit-platform-commons_1.10.2.jar;E:\eclipse\sts-4.22.0.RELEASE\plugins\junit-platform-engine_1.10.2.jar;E:\eclipse\sts-4.22.0.RELEASE\plugins\junit-platform-launcher_1.10.2.jar;E:\eclipse\sts-4.22.0.RELEASE\plugins\junit-platform-runner_1.10.2.jar;E:\eclipse\sts-4.22.0.RELEASE\plugins\junit-platform-suite-api_1.10.2.jar;E:\eclipse\sts-4.22.0.RELEASE\plugins\junit-platform-suite-engine_1.10.2.jar;E:\eclipse\sts-4.22.0.RELEASE\plugins\junit-platform-suite-commons_1.10.2.jar;E:\eclipse\sts-4.22.0.RELEASE\plugins\junit-vintage-engine_5.10.2.jar;E:\eclipse\sts-4.22.0.RELEASE\plugins\org.opentest4j_1.3.0.jar;E:\eclipse\sts-4.22.0.RELEASE\plugins\org.apiguardian.api_1.1.2.jar;E:\eclipse\sts-4.22.0.RELEASE\plugins\org.junit_4.13.2.v20230809-1000.jar;E:\eclipse\sts-4.22.0.RELEASE\plugins\org.hamcrest_2.2.0.jar;E:\eclipse\sts-4.22.0.RELEASE\plugins\org.hamcrest.core_2.2.0.v20230809-1000.jar;C:\Users\fredtr\.m2\repository\org\hibernate\orm\hibernate-core\6.5.2.Final\hibernate-core-6.5.2.Final.jar;C:\Users\fredtr\.m2\repository\jakarta\transaction\jakarta.transaction-api\2.0.1\jakarta.transaction-api-2.0.1.jar;C:\Users\fredtr\.m2\repository\org\jboss\logging\jboss-logging\3.5.0.Final\jboss-logging-3.5.0.Final.jar;C:\Users\fredtr\.m2\repository\org\hibernate\common\hibernate-commons-annotations\6.0.6.Final\hibernate-commons-annotations-6.0.6.Final.jar;C:\Users\fredtr\.m2\repository\io\smallrye\jandex\3.1.2\jandex-3.1.2.jar;C:\Users\fredtr\.m2\repository\com\fasterxml\classmate\1.5.1\classmate-1.5.1.jar;C:\Users\fredtr\.m2\repository\net\bytebuddy\byte-buddy\1.14.15\byte-buddy-1.14.15.jar;C:\Users\fredtr\.m2\repository\jakarta\xml\bind\jakarta.xml.bind-api\4.0.0\jakarta.xml.bind-api-4.0.0.jar;C:\Users\fredtr\.m2\repository\jakarta\activation\jakarta.activation-api\2.1.0\jakarta.activation-api-2.1.0.jar;C:\Users\fredtr\.m2\repository\org\glassfish\jaxb\jaxb-runtime\4.0.2\jaxb-runtime-4.0.2.jar;C:\Users\fredtr\.m2\repository\org\glassfish\jaxb\jaxb-core\4.0.2\jaxb-core-4.0.2.jar;C:\Users\fredtr\.m2\repository\org\eclipse\angus\angus-activation\2.0.0\angus-activation-2.0.0.jar;C:\Users\fredtr\.m2\repository\org\glassfish\jaxb\txw2\4.0.2\txw2-4.0.2.jar;C:\Users\fredtr\.m2\repository\com\sun\istack\istack-commons-runtime\4.1.1\istack-commons-runtime-4.1.1.jar;C:\Users\fredtr\.m2\repository\jakarta\inject\jakarta.inject-api\2.0.1\jakarta.inject-api-2.0.1.jar;C:\Users\fredtr\.m2\repository\org\antlr\antlr4-runtime\4.13.0\antlr4-runtime-4.13.0.jar;C:\Users\fredtr\.m2\repository\jakarta\persistence\jakarta.persistence-api\3.2.0\jakarta.persistence-api-3.2.0.jar;C:\Users\fredtr\.m2\repository\commons-io\commons-io\2.7\commons-io-2.7.jar;C:\Users\fredtr\.m2\repository\mysql\mysql-connector-java\8.0.23\mysql-connector-java-8.0.23.jar;C:\Users\fredtr\.m2\repository\com\google\protobuf\protobuf-java\3.11.4\protobuf-java-3.11.4.jar;C:\Users\fredtr\.m2\repository\com\opencsv\opencsv\5.5.2\opencsv-5.5.2.jar;C:\Users\fredtr\.m2\repository\org\apache\commons\commons-lang3\3.12.0\commons-lang3-3.12.0.jar;C:\Users\fredtr\.m2\repository\commons-beanutils\commons-beanutils\1.9.4\commons-beanutils-1.9.4.jar;C:\Users\fredtr\.m2\repository\commons-logging\commons-logging\1.2\commons-logging-1.2.jar;C:\Users\fredtr\.m2\repository\commons-collections\commons-collections\3.2.2\commons-collections-3.2.2.jar;C:\Users\fredtr\.m2\repository\org\apache\commons\commons-collections4\4.4\commons-collections4-4.4.jar;C:\Users\fredtr\.m2\repository\org\slf4j\slf4j-api\1.7.32\slf4j-api-1.7.32.jar;C:\Users\fredtr\.m2\repository\org\projectlombok\lombok\1.18.30\lombok-1.18.30.jar;C:\Users\fredtr\.m2\repository\org\apache\commons\commons-text\1.9\commons-text-1.9.jar;C:\Users\fredtr\.m2\repository\ch\qos\logback\logback-classic\1.2.10\logback-classic-1.2.10.jar;C:\Users\fredtr\.m2\repository\ch\qos\logback\logback-core\1.2.10\logback-core-1.2.10.jar
Launcher Type: SUN_STANDARD

[Global flags]
     intx CICompilerCount                          = 12                                        {product} {ergonomic}
     uint ConcGCThreads                            = 3                                         {product} {ergonomic}
     uint G1ConcRefinementThreads                  = 13                                        {product} {ergonomic}
   size_t G1HeapRegionSize                         = 4194304                                   {product} {ergonomic}
   size_t InitialHeapSize                          = 536870912                                 {product} {ergonomic}
   size_t MarkStackSize                            = 4194304                                   {product} {ergonomic}
   size_t MaxHeapSize                              = 8577351680                                {product} {ergonomic}
   size_t MinHeapDeltaBytes                        = 4194304                                   {product} {ergonomic}
   size_t MinHeapSize                              = 8388608                                   {product} {ergonomic}
    uintx NonNMethodCodeHeapSize                   = 7602480                                {pd product} {ergonomic}
    uintx NonProfiledCodeHeapSize                  = 122027880                              {pd product} {ergonomic}
    uintx ProfiledCodeHeapSize                     = 122027880                              {pd product} {ergonomic}
    uintx ReservedCodeCacheSize                    = 251658240                              {pd product} {ergonomic}
     bool SegmentedCodeCache                       = true                                      {product} {ergonomic}
     bool ShowCodeDetailsInExceptionMessages       = true                                   {manageable} {command line}
   size_t SoftMaxHeapSize                          = 8577351680                             {manageable} {ergonomic}
     bool UseCompressedOops                        = true                           {product lp64_product} {ergonomic}
     bool UseG1GC                                  = true                                      {product} {ergonomic}
     bool UseLargePagesIndividualAllocation        = false                                  {pd product} {ergonomic}

Logging:
Log output configuration:
 #0: stdout all=warning uptime,level,tags foldmultilines=false
 #1: stderr all=off uptime,level,tags foldmultilines=false

Environment Variables:
PATH=E:/eclipse/sts-4.22.0.RELEASE//plugins/org.eclipse.justj.openjdk.hotspot.jre.full.win32.x86_64_22.0.1.v20240426-1149/jre/bin/server;E:/eclipse/sts-4.22.0.RELEASE//plugins/org.eclipse.justj.openjdk.hotspot.jre.full.win32.x86_64_22.0.1.v20240426-1149/jre/bin;C:\Program Files\Common Files\Oracle\Java\javapath;C:\Python311\Scripts\;C:\Python311\;C:\Users\fredtr\AppData\Roaming\Python\Python310\Scripts;C:\Users\fredtr\AppData\Roaming\Python\Python310;C:\Python310\Scripts\;C:\Python310\;C:\WINDOWS\system32;C:\WINDOWS;C:\WINDOWS\System32\Wbem;C:\WINDOWS\System32\WindowsPowerShell\v1.0\;C:\Program Files\Common Files\Autodesk Shared\;C:\Program Files\NVIDIA Corporation\NVIDIA NvDLISR;C:\WINDOWS\System32\OpenSSH\;C:\Program Files (x86)\NVIDIA Corporation\PhysX\Common;C:\ProgramData\chocolatey\bin;C:\Program Files\Docker\Docker\resources\bin;C:\Program Files\PuTTY\;C:\Program Files\Git\cmd;C:\MAMP\bin\php;C:\MAMP\bin\php\php8.2.3\ext;C:\Program Files\Amazon\AWSCLIV2\awscli;C:\Program Files\Amazon\AWSSAMCLI\bin\;C:\Program Files\Amazon\AWSCLIV2\aws_completer;C:\Program Files\Amazon\AWSCLIV2\;C:\Program Files\nodejs\;E:\CDA Curs\MAven\apache-maven-3.9.6\bin;C:\Program Files\Java\jdk-21;;%SystemRoot%\system32;%SystemRoot%;%SystemRoot%\System32\Wbem;%SYSTEMROOT%\System32\WindowsPowerShell\v1.0\;%SYSTEMROOT%\System32\OpenSSH\;C:\Users\fredtr\scoop\apps\nodejs\current\bin;C:\Users\fredtr\scoop\apps\nodejs\current;C:\WINDOWS\system32;C:\WINDOWS;C:\WINDOWS\System32\Wbem;C:\WINDOWS\System32\WindowsPowerShell\v1.0\;C:\Program Files\Common Files\Autodesk Shared\;C:\Program Files\NVIDIA Corporation\NVIDIA NvDLISR;C:\WINDOWS\System32\OpenSSH\;C:\Program Files (x86)\NVIDIA Corporation\PhysX\Common;C:\ProgramData\chocolatey\bin;C:\Program Files\Git\cmd;C:\composer;C:\Program Files\Docker\Docker\resources\bin;C:\Program Files\PuTTY\;C:\Program Files\nodejs;C:\Users\fredtr\scoop\shims;C:\Users\fredtr\AppData\Local\Microsoft\WindowsApps;C:\Users\fredtr\AppData\Local\Programs\Microsoft VS Code\bin;C:\Users\fredtr\AppData\Local\GitHubDesktop\bin;C:\Users\fredtr\AppData\Roaming\Composer\vendor\bin;C:\Program Files (x86)\Brackets\;C:\Program Files\heroku\bin;C:\Program Files\MongoDB\Server\6.0\bin;C:\Users\fredtr\.fly\bin;C:\Users\fredtr;C:\MAMP\bin\mysql\bin;C:\MAMP\bin\php\php-8.2.3;C:\Program Files\Amazon\AWSCLI\bin;C:\Users\fredtr\AppData\Roaming\npm;%USERPROFILE%\AppData\Local\Microsoft\WindowsApps;;E:\eclipse\sts-4.22.0.RELEASE;
USERNAME=fredtr
OS=Windows_NT
PROCESSOR_IDENTIFIER=AMD64 Family 23 Model 1 Stepping 1, AuthenticAMD
TMP=C:\Users\fredtr\AppData\Local\Temp
TEMP=C:\Users\fredtr\AppData\Local\Temp




Periodic native trim disabled

---------------  S Y S T E M  ---------------

OS:
 Windows 11 , 64 bit Build 22621 (10.0.22621.3527)
OS uptime: 9 days 6:29 hours
Hyper-V role detected

CPU: total 16 (initial active 16) (16 cores per cpu, 2 threads per core) family 23 model 1 stepping 1 microcode 0x0, cx8, cmov, fxsr, ht, mmx, 3dnowpref, sse, sse2, sse3, ssse3, sse4a, sse4.1, sse4.2, popcnt, lzcnt, tsc, tscinvbit, avx, avx2, aes, clmul, bmi1, bmi2, adx, sha, fma, vzeroupper, clflush, clflushopt, hv, rdtscp, f16c
Processor Information for all 16 processors :
  Max Mhz: 3600, Current Mhz: 3600, Mhz Limit: 3600

Memory: 4k page, system-wide physical 32714M (13417M free)
TotalPageFile size 34762M (AvailPageFile size 515M)
current process WorkingSet (physical memory assigned to process): 12M, peak: 12M
current process commit charge ("private bytes"): 71M, peak: 583M

vm_info: OpenJDK 64-Bit Server VM (22.0.1+8) for windows-amd64 JRE (22.0.1+8), built on 2024-04-16T00:00:00Z by "admin" with MS VC++ 17.7 (VS2022)

END.
